<?xml version="1.0" encoding="UTF-8"?>
<TestRun id="02a78bd6-8d1b-45fa-80d1-0b6e81e30990" name="Administrator@N-ARG-DEV-034 2014-09-22 14:10:13" runUser="N-ARG-DEV-034\Administrator" xmlns="http://microsoft.com/schemas/VisualStudio/TeamTest/2010">
  <TestSettings name="Local" id="2e8ea716-0868-4c73-a342-f8d80533859b">
    <Description>These are default test settings for a local test run.</Description>
    <Deployment enabled="false" runDeploymentRoot="Administrator_N-ARG-DEV-034 2014-09-22 14_10_13">
      <DeploymentItem filename="D:\[-PRO-]\WebService\IAS.DataServices\bin\IAS.DataServices.dll" />
      <DeploymentItem filename="D:\[-PRO-]\Lib\itextsharp.dll" />
      <DeploymentItem filename="D:\[-PRO-]\IAS.DataServices.Test\bin\Debug\log4net.dll" />
      <DeploymentItem filename="D:\[-PRO-]\Lib\Ionic.Zip.dll" />
      <DeploymentItem filename="D:\[-PRO-]\IAS.DataServices.Test\bin\Debug\EPPlus.dll" />
      <DeploymentItem filename="D:\[-PRO-]\IAS.Common\bin\Debug\IAS.Common.dll" />
      <DeploymentItem filename="D:\[-PRO-]\Lib\MessagingToolkit.QRCode.dll" />
      <DeploymentItem filename="D:\[-PRO-]\WebService\OIC.FileService\bin\IAS.FileService.dll" />
      <DeploymentItem filename="D:\[-PRO-]\packages\log4net.1.2.10\lib\2.0\log4net.dll" />
      <DeploymentItem filename="D:\[-PRO-]\packages\structuremap.2.6.4.1\lib\net40\StructureMap.dll" />
      <DeploymentItem filename="D:\[-PRO-]\IAS.DataServiceTest\bin\Debug\itextsharp.dll" />
      <DeploymentItem filename="D:\[-PRO-]\WebService\IAS.DAL\bin\Debug\IAS.DAL.dll" />
      <DeploymentItem filename="D:\[-PRO-]\Web\IAS.DAL.Repository\bin\Debug\IAS.DTO.dll" />
      <DeploymentItem filename="D:\[-PRO-]\Web\IAS.Utils\bin\Debug\IAS.Utils.dll" />
      <DeploymentItem filename="D:\[-PRO-]\IAS.DataServiceTest\bin\Debug\MessagingToolkit.QRCode.dll" />
    </Deployment>
    <Execution>
      <TestTypeSpecific>
        <UnitTestRunConfig testTypeId="13cdc9d9-ddb5-4fa4-a97d-d965ccfc6d4b">
          <AssemblyResolution>
            <TestDirectory useLoadContext="true" />
          </AssemblyResolution>
        </UnitTestRunConfig>
        <WebTestRunConfiguration testTypeId="4e7599fa-5ecb-43e9-a887-cd63cf72d207">
          <Browser name="Internet Explorer 8.0" MaxConnections="6">
            <Headers>
              <Header name="User-Agent" value="Mozilla/4.0 (compatible; MSIE 8.0; Windows NT 5.1)" />
              <Header name="Accept" value="*/*" />
              <Header name="Accept-Language" value="{{$IEAcceptLanguage}}" />
              <Header name="Accept-Encoding" value="GZIP" />
            </Headers>
          </Browser>
        </WebTestRunConfiguration>
      </TestTypeSpecific>
      <AgentRule name="LocalMachineDefaultRole">
      </AgentRule>
    </Execution>
  </TestSettings>
  <Times creation="2014-09-22T14:10:13.8217178+07:00" queuing="2014-09-22T14:10:32.5817572+07:00" start="2014-09-22T14:10:33.0208943+07:00" finish="2014-09-22T14:16:22.2369670+07:00" />
  <ResultSummary outcome="Failed">
    <Counters total="285" executed="285" passed="49" error="0" failed="232" timeout="0" aborted="0" inconclusive="4" passedButRunAborted="0" notRunnable="0" notExecuted="0" disconnected="0" warning="0" completed="0" inProgress="0" pending="0" />
  </ResultSummary>
  <TestDefinitions>
    <UnitTest name="GetAcceptOffNameByIdTest" storage="d:\[-pro-]\ias.dataservices.test\bin\debug\ias.dataservices.test.dll" id="a2c94055-ad70-113b-8904-d4fbef1809f4">
      <Execution id="3c3e4d56-2c37-48ac-978f-fefa23dbf804" />
      <TestMethod codeBase="D:/[-PRO-]/IAS.DataServices.Test/bin/Debug/IAS.DataServices.Test.DLL" adapterTypeName="Microsoft.VisualStudio.TestTools.TestTypes.Unit.UnitTestAdapter, Microsoft.VisualStudio.QualityTools.Tips.UnitTest.Adapter, Version=10.0.0.0, Culture=neutral, PublicKeyToken=b03f5f7f11d50a3a" className="IAS.DataServices.Test.DataCenterServiceTest, IAS.DataServices.Test, Version=1.0.0.0, Culture=neutral, PublicKeyToken=null" name="GetAcceptOffNameByIdTest" />
    </UnitTest>
    <UnitTest name="SetPersonTempTest" storage="d:\[-pro-]\ias.dataservices.test\bin\debug\ias.dataservices.test.dll" id="67364603-b1a9-aa6b-36ce-8896a5ccf935">
      <Execution id="d0c94675-aada-4de2-946a-2f77835bec3d" />
      <TestMethod codeBase="D:/[-PRO-]/IAS.DataServices.Test/bin/Debug/IAS.DataServices.Test.DLL" adapterTypeName="Microsoft.VisualStudio.TestTools.TestTypes.Unit.UnitTestAdapter, Microsoft.VisualStudio.QualityTools.Tips.UnitTest.Adapter, Version=10.0.0.0, Culture=neutral, PublicKeyToken=b03f5f7f11d50a3a" className="IAS.DataServices.Test.IPersonServiceTest, IAS.DataServices.Test, Version=1.0.0.0, Culture=neutral, PublicKeyToken=null" name="SetPersonTempTest" />
    </UnitTest>
    <UnitTest name="TestCritiaReturn" storage="d:\[-pro-]\ias.dataservicetest\bin\debug\ias.dataservicetest.dll" id="b6b1e8cd-45db-2c5f-ebec-23e8a3d44cfe">
      <Execution id="2e1ff4c7-2fb2-4faf-bd63-e75986df2db2" />
      <TestMethod codeBase="D:/[-PRO-]/IAS.DataServiceTest/bin/Debug/IAS.DataServiceTest.DLL" adapterTypeName="Microsoft.VisualStudio.TestTools.TestTypes.Unit.UnitTestAdapter, Microsoft.VisualStudio.QualityTools.Tips.UnitTest.Adapter, Version=10.0.0.0, Culture=neutral, PublicKeyToken=b03f5f7f11d50a3a" className="IAS.DataServiceTest.BarCodeTest, IAS.DataServiceTest, Version=1.0.0.0, Culture=neutral, PublicKeyToken=null" name="TestCritiaReturn" />
    </UnitTest>
    <UnitTest name="InsertAndCheckPaymentUploadTest" storage="d:\[-pro-]\ias.dataservices.test\bin\debug\ias.dataservices.test.dll" id="3e1b6808-f461-9d6a-9f2a-44122376dd48">
      <Execution id="f55e4104-3690-4c7c-b9e6-cd382756a25c" />
      <TestMethod codeBase="D:/[-PRO-]/IAS.DataServices.Test/bin/Debug/IAS.DataServices.Test.DLL" adapterTypeName="Microsoft.VisualStudio.TestTools.TestTypes.Unit.UnitTestAdapter, Microsoft.VisualStudio.QualityTools.Tips.UnitTest.Adapter, Version=10.0.0.0, Culture=neutral, PublicKeyToken=b03f5f7f11d50a3a" className="IAS.DataServices.Test.IPaymentServiceTest, IAS.DataServices.Test, Version=1.0.0.0, Culture=neutral, PublicKeyToken=null" name="InsertAndCheckPaymentUploadTest" />
    </UnitTest>
    <UnitTest name="ValidateBeforeSubmitTest" storage="d:\[-pro-]\ias.dataservices.test\bin\debug\ias.dataservices.test.dll" id="04e2e48c-7d6a-ee4c-efb8-c537c27b6b82">
      <Execution id="2b6050cf-51f5-4858-9899-87a8c52ed4d4" />
      <TestMethod codeBase="D:/[-PRO-]/IAS.DataServices.Test/bin/Debug/IAS.DataServices.Test.DLL" adapterTypeName="Microsoft.VisualStudio.TestTools.TestTypes.Unit.UnitTestAdapter, Microsoft.VisualStudio.QualityTools.Tips.UnitTest.Adapter, Version=10.0.0.0, Culture=neutral, PublicKeyToken=b03f5f7f11d50a3a" className="IAS.DataServices.Test.IRegistrationServiceTest, IAS.DataServices.Test, Version=1.0.0.0, Culture=neutral, PublicKeyToken=null" name="ValidateBeforeSubmitTest" />
    </UnitTest>
    <UnitTest name="TestZipFile_NotFound" storage="d:\[-pro-]\ias.dataservicetest\bin\debug\ias.dataservicetest.dll" id="5352e3f1-1e8c-8485-f5bd-5e2fa27cf289">
      <Execution id="726dbcc1-3797-49fb-9b27-0165bddfa3ba" />
      <TestMethod codeBase="D:/[-PRO-]/IAS.DataServiceTest/bin/Debug/IAS.DataServiceTest.DLL" adapterTypeName="Microsoft.VisualStudio.TestTools.TestTypes.Unit.UnitTestAdapter, Microsoft.VisualStudio.QualityTools.Tips.UnitTest.Adapter, Version=10.0.0.0, Culture=neutral, PublicKeyToken=b03f5f7f11d50a3a" className="IAS.DataServiceTest.GenZipLicenseRequestTest, IAS.DataServiceTest, Version=1.0.0.0, Culture=neutral, PublicKeyToken=null" name="TestZipFile_NotFound" />
    </UnitTest>
    <UnitTest name="getBindbillPaymentExamTest" storage="d:\[-pro-]\ias.dataservices.test\bin\debug\ias.dataservices.test.dll" id="4bcd01a8-6975-6b3c-24fa-4e775b1a5fcc">
      <Execution id="3cec6c53-a55c-46a9-bc23-02692ec657e8" />
      <TestMethod codeBase="D:/[-PRO-]/IAS.DataServices.Test/bin/Debug/IAS.DataServices.Test.DLL" adapterTypeName="Microsoft.VisualStudio.TestTools.TestTypes.Unit.UnitTestAdapter, Microsoft.VisualStudio.QualityTools.Tips.UnitTest.Adapter, Version=10.0.0.0, Culture=neutral, PublicKeyToken=b03f5f7f11d50a3a" className="IAS.DataServices.Test.IPaymentServiceTest, IAS.DataServices.Test, Version=1.0.0.0, Culture=neutral, PublicKeyToken=null" name="getBindbillPaymentExamTest" />
    </UnitTest>
    <UnitTest name="GetPersonalHistoryByIdCardTest" storage="d:\[-pro-]\ias.dataservices.test\bin\debug\ias.dataservices.test.dll" id="5522dfa8-f3f9-278f-dc66-8ca45aeb1cda">
      <Execution id="575ba6a9-c9d9-4fe8-97c8-f02e1a04debc" />
      <TestMethod codeBase="D:/[-PRO-]/IAS.DataServices.Test/bin/Debug/IAS.DataServices.Test.DLL" adapterTypeName="Microsoft.VisualStudio.TestTools.TestTypes.Unit.UnitTestAdapter, Microsoft.VisualStudio.QualityTools.Tips.UnitTest.Adapter, Version=10.0.0.0, Culture=neutral, PublicKeyToken=b03f5f7f11d50a3a" className="IAS.DataServices.Test.LicenseServiceTest, IAS.DataServices.Test, Version=1.0.0.0, Culture=neutral, PublicKeyToken=null" name="GetPersonalHistoryByIdCardTest" />
    </UnitTest>
    <UnitTest name="ApplicantFileFactory_Can_Read_DataFromFile" storage="d:\[-pro-]\ias.dataservicetest\bin\debug\ias.dataservicetest.dll" id="2278f96b-e4b0-ef47-2c89-2e2569052f73">
      <Execution id="8860c797-a79f-4a4e-9e57-06fa33c0f43f" />
      <TestMethod codeBase="D:/[-PRO-]/IAS.DataServiceTest/bin/Debug/IAS.DataServiceTest.DLL" adapterTypeName="Microsoft.VisualStudio.TestTools.TestTypes.Unit.UnitTestAdapter, Microsoft.VisualStudio.QualityTools.Tips.UnitTest.Adapter, Version=10.0.0.0, Culture=neutral, PublicKeyToken=b03f5f7f11d50a3a" className="IAS.DataServiceTest.ApplicationFileUploadTest, IAS.DataServiceTest, Version=1.0.0.0, Culture=neutral, PublicKeyToken=null" name="ApplicantFileFactory_Can_Read_DataFromFile" />
    </UnitTest>
    <UnitTest name="Validate_Name_IsInValid" storage="d:\[-pro-]\ias.dataservicetest\bin\debug\ias.dataservicetest.dll" id="ba85ec7f-bfd2-eca0-8693-d4636a82d15c">
      <Execution id="aa32d585-3fb1-46c4-ac3a-e7e70f9d0438" />
      <TestMethod codeBase="D:/[-PRO-]/IAS.DataServiceTest/bin/Debug/IAS.DataServiceTest.DLL" adapterTypeName="Microsoft.VisualStudio.TestTools.TestTypes.Unit.UnitTestAdapter, Microsoft.VisualStudio.QualityTools.Tips.UnitTest.Adapter, Version=10.0.0.0, Culture=neutral, PublicKeyToken=b03f5f7f11d50a3a" className="IAS.DataServiceTest.StringNameHelperTest, IAS.DataServiceTest, Version=1.0.0.0, Culture=neutral, PublicKeyToken=null" name="Validate_Name_IsInValid" />
    </UnitTest>
    <UnitTest name="getGroupDetailTest" storage="d:\[-pro-]\ias.dataservices.test\bin\debug\ias.dataservices.test.dll" id="150d4805-b608-77cd-ebbc-b7eff8e9d68d">
      <Execution id="c7c7692d-bf43-42c3-95f3-1f1a102fe946" />
      <TestMethod codeBase="D:/[-PRO-]/IAS.DataServices.Test/bin/Debug/IAS.DataServices.Test.DLL" adapterTypeName="Microsoft.VisualStudio.TestTools.TestTypes.Unit.UnitTestAdapter, Microsoft.VisualStudio.QualityTools.Tips.UnitTest.Adapter, Version=10.0.0.0, Culture=neutral, PublicKeyToken=b03f5f7f11d50a3a" className="IAS.DataServices.Test.IPaymentServiceTest, IAS.DataServices.Test, Version=1.0.0.0, Culture=neutral, PublicKeyToken=null" name="getGroupDetailTest" />
    </UnitTest>
    <UnitTest name="InsertPersonLicenseTest" storage="d:\[-pro-]\ias.dataservices.test\bin\debug\ias.dataservices.test.dll" id="2691d309-a525-46d8-786f-50a16e46c1bc">
      <Execution id="ab6bbb76-8c96-41a2-8c7a-7385765b607c" />
      <TestMethod codeBase="D:/[-PRO-]/IAS.DataServices.Test/bin/Debug/IAS.DataServices.Test.DLL" adapterTypeName="Microsoft.VisualStudio.TestTools.TestTypes.Unit.UnitTestAdapter, Microsoft.VisualStudio.QualityTools.Tips.UnitTest.Adapter, Version=10.0.0.0, Culture=neutral, PublicKeyToken=b03f5f7f11d50a3a" className="IAS.DataServices.Test.LicenseServiceTest, IAS.DataServices.Test, Version=1.0.0.0, Culture=neutral, PublicKeyToken=null" name="InsertPersonLicenseTest" />
    </UnitTest>
    <UnitTest name="TestCompressFolder" storage="d:\[-pro-]\ias.dataservicetest\bin\debug\ias.dataservicetest.dll" id="11769955-d806-e55b-6abd-f068feecc8d1">
      <Execution id="51e0d3fe-ed0d-4d34-8f56-ff5e24681895" />
      <TestMethod codeBase="D:/[-PRO-]/IAS.DataServiceTest/bin/Debug/IAS.DataServiceTest.DLL" adapterTypeName="Microsoft.VisualStudio.TestTools.TestTypes.Unit.UnitTestAdapter, Microsoft.VisualStudio.QualityTools.Tips.UnitTest.Adapter, Version=10.0.0.0, Culture=neutral, PublicKeyToken=b03f5f7f11d50a3a" className="IAS.DataServiceTest.CompressFolderTest, IAS.DataServiceTest, Version=1.0.0.0, Culture=neutral, PublicKeyToken=null" name="TestCompressFolder" />
    </UnitTest>
    <UnitTest name="UpdateSubjectTest" storage="d:\[-pro-]\ias.dataservices.test\bin\debug\ias.dataservices.test.dll" id="e812cc4c-56c1-01b7-8eb1-fab03fa02e84">
      <Execution id="25c9a718-6842-42cc-a8c7-24607cee2d7e" />
      <TestMethod codeBase="D:/[-PRO-]/IAS.DataServices.Test/bin/Debug/IAS.DataServices.Test.DLL" adapterTypeName="Microsoft.VisualStudio.TestTools.TestTypes.Unit.UnitTestAdapter, Microsoft.VisualStudio.QualityTools.Tips.UnitTest.Adapter, Version=10.0.0.0, Culture=neutral, PublicKeyToken=b03f5f7f11d50a3a" className="IAS.DataServices.Test.IExamServiceTest, IAS.DataServices.Test, Version=1.0.0.0, Culture=neutral, PublicKeyToken=null" name="UpdateSubjectTest" />
    </UnitTest>
    <UnitTest name="TestMethod1" storage="d:\[-pro-]\ias.dataservicetest\bin\debug\ias.dataservicetest.dll" id="16e700d8-4b7e-e1cb-8624-89fcd9c4d585">
      <Execution id="15305470-de67-4b06-b941-aed443b5b4b8" />
      <TestMethod codeBase="D:/[-PRO-]/IAS.DataServiceTest/bin/Debug/IAS.DataServiceTest.DLL" adapterTypeName="Microsoft.VisualStudio.TestTools.TestTypes.Unit.UnitTestAdapter, Microsoft.VisualStudio.QualityTools.Tips.UnitTest.Adapter, Version=10.0.0.0, Culture=neutral, PublicKeyToken=b03f5f7f11d50a3a" className="IAS.DataServiceTest.SwitchCaseTest, IAS.DataServiceTest, Version=1.0.0.0, Culture=neutral, PublicKeyToken=null" name="TestMethod1" />
    </UnitTest>
    <UnitTest name="GetRegistrationsByCriteriaTest" storage="d:\[-pro-]\ias.dataservices.test\bin\debug\ias.dataservices.test.dll" id="da83e5c4-9018-ab23-cfa0-604e9da9250f">
      <Execution id="fcc7c8bd-d2f7-4a7e-bbb5-d15de3ab6b01" />
      <TestMethod codeBase="D:/[-PRO-]/IAS.DataServices.Test/bin/Debug/IAS.DataServices.Test.DLL" adapterTypeName="Microsoft.VisualStudio.TestTools.TestTypes.Unit.UnitTestAdapter, Microsoft.VisualStudio.QualityTools.Tips.UnitTest.Adapter, Version=10.0.0.0, Culture=neutral, PublicKeyToken=b03f5f7f11d50a3a" className="IAS.DataServices.Test.IRegistrationServiceTest, IAS.DataServices.Test, Version=1.0.0.0, Culture=neutral, PublicKeyToken=null" name="GetRegistrationsByCriteriaTest" />
    </UnitTest>
    <UnitTest name="SubmitBankTransTest" storage="d:\[-pro-]\ias.dataservices.test\bin\debug\ias.dataservices.test.dll" id="4ba8afd7-e2c0-dd58-4687-ba64303c6172">
      <Execution id="beca21c7-9823-4332-9948-b16a7b9a562f" />
      <TestMethod codeBase="D:/[-PRO-]/IAS.DataServices.Test/bin/Debug/IAS.DataServices.Test.DLL" adapterTypeName="Microsoft.VisualStudio.TestTools.TestTypes.Unit.UnitTestAdapter, Microsoft.VisualStudio.QualityTools.Tips.UnitTest.Adapter, Version=10.0.0.0, Culture=neutral, PublicKeyToken=b03f5f7f11d50a3a" className="IAS.DataServices.Test.IPaymentServiceTest, IAS.DataServices.Test, Version=1.0.0.0, Culture=neutral, PublicKeyToken=null" name="SubmitBankTransTest" />
    </UnitTest>
    <UnitTest name="GetReferanceNumberTest" storage="d:\[-pro-]\ias.dataservicetest\bin\debug\ias.dataservicetest.dll" id="c01f53b4-3adb-92ea-98d8-6e5122715027">
      <Execution id="d5352186-139d-4f5d-b55a-7d7ea899eea3" />
      <TestMethod codeBase="D:/[-PRO-]/IAS.DataServiceTest/bin/Debug/IAS.DataServiceTest.DLL" adapterTypeName="Microsoft.VisualStudio.TestTools.TestTypes.Unit.UnitTestAdapter, Microsoft.VisualStudio.QualityTools.Tips.UnitTest.Adapter, Version=10.0.0.0, Culture=neutral, PublicKeyToken=b03f5f7f11d50a3a" className="IAS.DataServiceTest.BankReferanceNumberTest, IAS.DataServiceTest, Version=1.0.0.0, Culture=neutral, PublicKeyToken=null" name="GetReferanceNumberTest" />
    </UnitTest>
    <UnitTest name="InsertOICTest" storage="d:\[-pro-]\ias.dataservices.test\bin\debug\ias.dataservices.test.dll" id="19808bd3-f7ef-5ad0-c654-0ed0a173c92c">
      <Execution id="66b39035-1d79-4caf-87d5-05ff6599e9a3" />
      <TestMethod codeBase="D:/[-PRO-]/IAS.DataServices.Test/bin/Debug/IAS.DataServices.Test.DLL" adapterTypeName="Microsoft.VisualStudio.TestTools.TestTypes.Unit.UnitTestAdapter, Microsoft.VisualStudio.QualityTools.Tips.UnitTest.Adapter, Version=10.0.0.0, Culture=neutral, PublicKeyToken=b03f5f7f11d50a3a" className="IAS.DataServices.Test.IPersonServiceTest, IAS.DataServices.Test, Version=1.0.0.0, Culture=neutral, PublicKeyToken=null" name="InsertOICTest" />
    </UnitTest>
    <UnitTest name="CreatePaymentTest" storage="d:\[-pro-]\ias.dataservices.test\bin\debug\ias.dataservices.test.dll" id="93d08b9a-bf34-943d-1231-51037a22b627">
      <Execution id="0b5c43d8-500c-4802-882b-f7b0b95d1bee" />
      <TestMethod codeBase="D:/[-PRO-]/IAS.DataServices.Test/bin/Debug/IAS.DataServices.Test.DLL" adapterTypeName="Microsoft.VisualStudio.TestTools.TestTypes.Unit.UnitTestAdapter, Microsoft.VisualStudio.QualityTools.Tips.UnitTest.Adapter, Version=10.0.0.0, Culture=neutral, PublicKeyToken=b03f5f7f11d50a3a" className="IAS.DataServices.Test.IPaymentServiceTest, IAS.DataServices.Test, Version=1.0.0.0, Culture=neutral, PublicKeyToken=null" name="CreatePaymentTest" />
    </UnitTest>
    <UnitTest name="InsertExamRoomTest" storage="d:\[-pro-]\ias.dataservices.test\bin\debug\ias.dataservices.test.dll" id="4125855b-18c4-d994-a4cd-f5df113e3c2f">
      <Execution id="17adbe10-7c59-4091-907f-3e97ac44cc1b" />
      <TestMethod codeBase="D:/[-PRO-]/IAS.DataServices.Test/bin/Debug/IAS.DataServices.Test.DLL" adapterTypeName="Microsoft.VisualStudio.TestTools.TestTypes.Unit.UnitTestAdapter, Microsoft.VisualStudio.QualityTools.Tips.UnitTest.Adapter, Version=10.0.0.0, Culture=neutral, PublicKeyToken=b03f5f7f11d50a3a" className="IAS.DataServices.Test.IExamServiceTest, IAS.DataServices.Test, Version=1.0.0.0, Culture=neutral, PublicKeyToken=null" name="InsertExamRoomTest" />
    </UnitTest>
    <UnitTest name="GetTempBankTransDetailTest" storage="d:\[-pro-]\ias.dataservices.test\bin\debug\ias.dataservices.test.dll" id="462b1419-3006-008a-e11e-188c29a1db54">
      <Execution id="a358d0dc-7291-43b5-9d50-fa087f8b0631" />
      <TestMethod codeBase="D:/[-PRO-]/IAS.DataServices.Test/bin/Debug/IAS.DataServices.Test.DLL" adapterTypeName="Microsoft.VisualStudio.TestTools.TestTypes.Unit.UnitTestAdapter, Microsoft.VisualStudio.QualityTools.Tips.UnitTest.Adapter, Version=10.0.0.0, Culture=neutral, PublicKeyToken=b03f5f7f11d50a3a" className="IAS.DataServices.Test.IPaymentServiceTest, IAS.DataServices.Test, Version=1.0.0.0, Culture=neutral, PublicKeyToken=null" name="GetTempBankTransDetailTest" />
    </UnitTest>
    <UnitTest name="InsertAndCheckExamResultUploadTest" storage="d:\[-pro-]\ias.dataservices.test\bin\debug\ias.dataservices.test.dll" id="7223cede-90fd-ecd3-9657-5cfbf10535e5">
      <Execution id="1fbb6301-13b2-4ca8-adff-73d097ba3869" />
      <TestMethod codeBase="D:/[-PRO-]/IAS.DataServices.Test/bin/Debug/IAS.DataServices.Test.DLL" adapterTypeName="Microsoft.VisualStudio.TestTools.TestTypes.Unit.UnitTestAdapter, Microsoft.VisualStudio.QualityTools.Tips.UnitTest.Adapter, Version=10.0.0.0, Culture=neutral, PublicKeyToken=b03f5f7f11d50a3a" className="IAS.DataServices.Test.ExamServiceTest, IAS.DataServices.Test, Version=1.0.0.0, Culture=neutral, PublicKeyToken=null" name="InsertAndCheckExamResultUploadTest" />
    </UnitTest>
    <UnitTest name="GetPaymentExpireDayTest" storage="d:\[-pro-]\ias.dataservices.test\bin\debug\ias.dataservices.test.dll" id="d0a1dd3e-0341-65a1-bd8f-d4823a9aa102">
      <Execution id="8efc1829-056a-4585-97f7-3a0b0d522d16" />
      <TestMethod codeBase="D:/[-PRO-]/IAS.DataServices.Test/bin/Debug/IAS.DataServices.Test.DLL" adapterTypeName="Microsoft.VisualStudio.TestTools.TestTypes.Unit.UnitTestAdapter, Microsoft.VisualStudio.QualityTools.Tips.UnitTest.Adapter, Version=10.0.0.0, Culture=neutral, PublicKeyToken=b03f5f7f11d50a3a" className="IAS.DataServices.Test.IPaymentServiceTest, IAS.DataServices.Test, Version=1.0.0.0, Culture=neutral, PublicKeyToken=null" name="GetPaymentExpireDayTest" />
    </UnitTest>
    <UnitTest name="UpdateAttachFileTest" storage="d:\[-pro-]\ias.dataservices.test\bin\debug\ias.dataservices.test.dll" id="588dc306-4acb-7637-abbb-5eb4dbbc2c1e">
      <Execution id="24a2aad2-35a1-4398-82c1-4b1069d649e4" />
      <TestMethod codeBase="D:/[-PRO-]/IAS.DataServices.Test/bin/Debug/IAS.DataServices.Test.DLL" adapterTypeName="Microsoft.VisualStudio.TestTools.TestTypes.Unit.UnitTestAdapter, Microsoft.VisualStudio.QualityTools.Tips.UnitTest.Adapter, Version=10.0.0.0, Culture=neutral, PublicKeyToken=b03f5f7f11d50a3a" className="IAS.DataServices.Test.IRegistrationServiceTest, IAS.DataServices.Test, Version=1.0.0.0, Culture=neutral, PublicKeyToken=null" name="UpdateAttachFileTest" />
    </UnitTest>
    <UnitTest name="RegistrationNotApproveTest" storage="d:\[-pro-]\ias.dataservices.test\bin\debug\ias.dataservices.test.dll" id="e6a3bd94-288e-081e-8024-0843b052bd78">
      <Execution id="4c8619a8-0eb8-47d6-b287-94187580909a" />
      <TestMethod codeBase="D:/[-PRO-]/IAS.DataServices.Test/bin/Debug/IAS.DataServices.Test.DLL" adapterTypeName="Microsoft.VisualStudio.TestTools.TestTypes.Unit.UnitTestAdapter, Microsoft.VisualStudio.QualityTools.Tips.UnitTest.Adapter, Version=10.0.0.0, Culture=neutral, PublicKeyToken=b03f5f7f11d50a3a" className="IAS.DataServices.Test.IRegistrationServiceTest, IAS.DataServices.Test, Version=1.0.0.0, Culture=neutral, PublicKeyToken=null" name="RegistrationNotApproveTest" />
    </UnitTest>
    <UnitTest name="GetPaymentDetailByGroupTest" storage="d:\[-pro-]\ias.dataservices.test\bin\debug\ias.dataservices.test.dll" id="b4d42cd9-88fa-a7ad-7a39-f5317a390a35">
      <Execution id="adae502e-cabe-46eb-af0e-28ea4b3f3918" />
      <TestMethod codeBase="D:/[-PRO-]/IAS.DataServices.Test/bin/Debug/IAS.DataServices.Test.DLL" adapterTypeName="Microsoft.VisualStudio.TestTools.TestTypes.Unit.UnitTestAdapter, Microsoft.VisualStudio.QualityTools.Tips.UnitTest.Adapter, Version=10.0.0.0, Culture=neutral, PublicKeyToken=b03f5f7f11d50a3a" className="IAS.DataServices.Test.IPaymentServiceTest, IAS.DataServices.Test, Version=1.0.0.0, Culture=neutral, PublicKeyToken=null" name="GetPaymentDetailByGroupTest" />
    </UnitTest>
    <UnitTest name="TestUploadFileBankSubmit_Then_Update_License_By_OracleStoreProdcedure" storage="d:\[-pro-]\ias.dataservicetest\bin\debug\ias.dataservicetest.dll" id="3bdd7b65-255e-9691-3596-d6d0f8d64b33">
      <Execution id="de858dea-a82f-4b09-ad43-708fe3c69154" />
      <TestMethod codeBase="D:/[-PRO-]/IAS.DataServiceTest/bin/Debug/IAS.DataServiceTest.DLL" adapterTypeName="Microsoft.VisualStudio.TestTools.TestTypes.Unit.UnitTestAdapter, Microsoft.VisualStudio.QualityTools.Tips.UnitTest.Adapter, Version=10.0.0.0, Culture=neutral, PublicKeyToken=b03f5f7f11d50a3a" className="IAS.DataServiceTest.UpdateLicenseOracleStoreProdTest, IAS.DataServiceTest, Version=1.0.0.0, Culture=neutral, PublicKeyToken=null" name="TestUploadFileBankSubmit_Then_Update_License_By_OracleStoreProdcedure" />
    </UnitTest>
    <UnitTest name="ApplicantGroupUploadToSubmitTest" storage="d:\[-pro-]\ias.dataservices.test\bin\debug\ias.dataservices.test.dll" id="2e519d45-6dad-1797-5835-165bfb8cc48b">
      <Execution id="57bd47c0-2c7d-4c51-8450-508258ac60f7" />
      <TestMethod codeBase="D:/[-PRO-]/IAS.DataServices.Test/bin/Debug/IAS.DataServices.Test.DLL" adapterTypeName="Microsoft.VisualStudio.TestTools.TestTypes.Unit.UnitTestAdapter, Microsoft.VisualStudio.QualityTools.Tips.UnitTest.Adapter, Version=10.0.0.0, Culture=neutral, PublicKeyToken=b03f5f7f11d50a3a" className="IAS.DataServices.Test.IApplicantServiceTest, IAS.DataServices.Test, Version=1.0.0.0, Culture=neutral, PublicKeyToken=null" name="ApplicantGroupUploadToSubmitTest" />
    </UnitTest>
    <UnitTest name="Duplicate_Data_Test_Null_Data" storage="d:\[-pro-]\ias.dataservicetest\bin\debug\ias.dataservicetest.dll" id="cf228363-163f-d848-2b92-5b3ff2a7046b">
      <Execution id="6ac5dfec-304a-423f-9ce1-8e0c6dd6164a" />
      <TestMethod codeBase="D:/[-PRO-]/IAS.DataServiceTest/bin/Debug/IAS.DataServiceTest.DLL" adapterTypeName="Microsoft.VisualStudio.TestTools.TestTypes.Unit.UnitTestAdapter, Microsoft.VisualStudio.QualityTools.Tips.UnitTest.Adapter, Version=10.0.0.0, Culture=neutral, PublicKeyToken=b03f5f7f11d50a3a" className="IAS.DataServiceTest.MethodDuplicateTest, IAS.DataServiceTest, Version=1.0.0.0, Culture=neutral, PublicKeyToken=null" name="Duplicate_Data_Test_Null_Data" />
    </UnitTest>
    <UnitTest name="UpdateLicenseTypeTest" storage="d:\[-pro-]\ias.dataservices.test\bin\debug\ias.dataservices.test.dll" id="305bde25-8653-8bfa-c52a-0f0b59f1c16c">
      <Execution id="95436240-6bae-4e02-8b97-48866e52d140" />
      <TestMethod codeBase="D:/[-PRO-]/IAS.DataServices.Test/bin/Debug/IAS.DataServices.Test.DLL" adapterTypeName="Microsoft.VisualStudio.TestTools.TestTypes.Unit.UnitTestAdapter, Microsoft.VisualStudio.QualityTools.Tips.UnitTest.Adapter, Version=10.0.0.0, Culture=neutral, PublicKeyToken=b03f5f7f11d50a3a" className="IAS.DataServices.Test.IExamServiceTest, IAS.DataServices.Test, Version=1.0.0.0, Culture=neutral, PublicKeyToken=null" name="UpdateLicenseTypeTest" />
    </UnitTest>
    <UnitTest name="PlusPrintDownloadCountTest" storage="d:\[-pro-]\ias.dataservices.test\bin\debug\ias.dataservices.test.dll" id="78362feb-ddbb-8a48-6e69-ff3bc3a30cbe">
      <Execution id="e09755f4-1053-496d-aefb-694c5030135c" />
      <TestMethod codeBase="D:/[-PRO-]/IAS.DataServices.Test/bin/Debug/IAS.DataServices.Test.DLL" adapterTypeName="Microsoft.VisualStudio.TestTools.TestTypes.Unit.UnitTestAdapter, Microsoft.VisualStudio.QualityTools.Tips.UnitTest.Adapter, Version=10.0.0.0, Culture=neutral, PublicKeyToken=b03f5f7f11d50a3a" className="IAS.DataServices.Test.IPaymentServiceTest, IAS.DataServices.Test, Version=1.0.0.0, Culture=neutral, PublicKeyToken=null" name="PlusPrintDownloadCountTest" />
    </UnitTest>
    <UnitTest name="SetSubGroupTest" storage="d:\[-pro-]\ias.dataservices.test\bin\debug\ias.dataservices.test.dll" id="67408b6c-ca88-782d-f579-86683367cc81">
      <Execution id="7a073ee8-17ae-4621-916d-8e6584f28fa5" />
      <TestMethod codeBase="D:/[-PRO-]/IAS.DataServices.Test/bin/Debug/IAS.DataServices.Test.DLL" adapterTypeName="Microsoft.VisualStudio.TestTools.TestTypes.Unit.UnitTestAdapter, Microsoft.VisualStudio.QualityTools.Tips.UnitTest.Adapter, Version=10.0.0.0, Culture=neutral, PublicKeyToken=b03f5f7f11d50a3a" className="IAS.DataServices.Test.IPaymentServiceTest, IAS.DataServices.Test, Version=1.0.0.0, Culture=neutral, PublicKeyToken=null" name="SetSubGroupTest" />
    </UnitTest>
    <UnitTest name="getViewPersonLicenseTest" storage="d:\[-pro-]\ias.dataservices.test\bin\debug\ias.dataservices.test.dll" id="49cfa703-0b1a-8a6e-4dbb-2c777e5dad0c">
      <Execution id="b76854b3-d3d9-4813-85ab-8e8d7b8a2183" />
      <TestMethod codeBase="D:/[-PRO-]/IAS.DataServices.Test/bin/Debug/IAS.DataServices.Test.DLL" adapterTypeName="Microsoft.VisualStudio.TestTools.TestTypes.Unit.UnitTestAdapter, Microsoft.VisualStudio.QualityTools.Tips.UnitTest.Adapter, Version=10.0.0.0, Culture=neutral, PublicKeyToken=b03f5f7f11d50a3a" className="IAS.DataServices.Test.LicenseServiceTest, IAS.DataServices.Test, Version=1.0.0.0, Culture=neutral, PublicKeyToken=null" name="getViewPersonLicenseTest" />
    </UnitTest>
    <UnitTest name="CityBankTextFileDetailType6_Can_SubString_To_BankFileDetail" storage="d:\[-pro-]\ias.dataservicetest\bin\debug\ias.dataservicetest.dll" id="972c8046-482f-f6f3-abca-93b704b253d1">
      <Execution id="c9cfaff6-a36a-4075-8723-6407053687ee" />
      <TestMethod codeBase="D:/[-PRO-]/IAS.DataServiceTest/bin/Debug/IAS.DataServiceTest.DLL" adapterTypeName="Microsoft.VisualStudio.TestTools.TestTypes.Unit.UnitTestAdapter, Microsoft.VisualStudio.QualityTools.Tips.UnitTest.Adapter, Version=10.0.0.0, Culture=neutral, PublicKeyToken=b03f5f7f11d50a3a" className="IAS.DataServiceTest.CityBankTextFileTest, IAS.DataServiceTest, Version=1.0.0.0, Culture=neutral, PublicKeyToken=null" name="CityBankTextFileDetailType6_Can_SubString_To_BankFileDetail" />
    </UnitTest>
    <UnitTest name="GetDataPayment_BeforeSentToReportTest" storage="d:\[-pro-]\ias.dataservices.test\bin\debug\ias.dataservices.test.dll" id="5ac928d2-37bf-6c73-78bf-2fa4e905cd81">
      <Execution id="407af52d-1a9a-4b79-a291-f2bb628ef8f0" />
      <TestMethod codeBase="D:/[-PRO-]/IAS.DataServices.Test/bin/Debug/IAS.DataServices.Test.DLL" adapterTypeName="Microsoft.VisualStudio.TestTools.TestTypes.Unit.UnitTestAdapter, Microsoft.VisualStudio.QualityTools.Tips.UnitTest.Adapter, Version=10.0.0.0, Culture=neutral, PublicKeyToken=b03f5f7f11d50a3a" className="IAS.DataServices.Test.IPaymentServiceTest, IAS.DataServices.Test, Version=1.0.0.0, Culture=neutral, PublicKeyToken=null" name="GetDataPayment_BeforeSentToReportTest" />
    </UnitTest>
    <UnitTest name="GeneratePasswordTest" storage="d:\[-pro-]\ias.dataservices.test\bin\debug\ias.dataservices.test.dll" id="d60a9a4b-30e2-3d2d-4821-ca0e9f8ea581">
      <Execution id="625ee27b-6280-41c0-9f1f-f3dc2921d126" />
      <TestMethod codeBase="D:/[-PRO-]/IAS.DataServices.Test/bin/Debug/IAS.DataServices.Test.DLL" adapterTypeName="Microsoft.VisualStudio.TestTools.TestTypes.Unit.UnitTestAdapter, Microsoft.VisualStudio.QualityTools.Tips.UnitTest.Adapter, Version=10.0.0.0, Culture=neutral, PublicKeyToken=b03f5f7f11d50a3a" className="IAS.DataServices.Test.PersonService_RandomPasswordTest, IAS.DataServices.Test, Version=1.0.0.0, Culture=neutral, PublicKeyToken=null" name="GeneratePasswordTest" />
    </UnitTest>
    <UnitTest name="UpdateWithAttachFilesTest" storage="d:\[-pro-]\ias.dataservices.test\bin\debug\ias.dataservices.test.dll" id="108c4675-6607-ea28-e2f9-eb7b4f21d1f4">
      <Execution id="b93b8466-5610-43ff-8e7f-11090501dc31" />
      <TestMethod codeBase="D:/[-PRO-]/IAS.DataServices.Test/bin/Debug/IAS.DataServices.Test.DLL" adapterTypeName="Microsoft.VisualStudio.TestTools.TestTypes.Unit.UnitTestAdapter, Microsoft.VisualStudio.QualityTools.Tips.UnitTest.Adapter, Version=10.0.0.0, Culture=neutral, PublicKeyToken=b03f5f7f11d50a3a" className="IAS.DataServices.Test.IRegistrationServiceTest, IAS.DataServices.Test, Version=1.0.0.0, Culture=neutral, PublicKeyToken=null" name="UpdateWithAttachFilesTest" />
    </UnitTest>
    <UnitTest name="GetSeatAmountTest" storage="d:\[-pro-]\ias.dataservices.test\bin\debug\ias.dataservices.test.dll" id="df9fc5a6-70a4-541a-a7bb-eb72c39eec4d">
      <Execution id="de9e5e10-10b6-4ac4-bcb3-b13822319b8c" />
      <TestMethod codeBase="D:/[-PRO-]/IAS.DataServices.Test/bin/Debug/IAS.DataServices.Test.DLL" adapterTypeName="Microsoft.VisualStudio.TestTools.TestTypes.Unit.UnitTestAdapter, Microsoft.VisualStudio.QualityTools.Tips.UnitTest.Adapter, Version=10.0.0.0, Culture=neutral, PublicKeyToken=b03f5f7f11d50a3a" className="IAS.DataServices.Test.IExamServiceTest, IAS.DataServices.Test, Version=1.0.0.0, Culture=neutral, PublicKeyToken=null" name="GetSeatAmountTest" />
    </UnitTest>
    <UnitTest name="TestSpaceTest" storage="d:\[-pro-]\ias.dataservicetest\bin\debug\ias.dataservicetest.dll" id="de297bb4-9f9b-8faa-8b5a-608604be001c">
      <Execution id="29cb45f0-0c93-4ed1-a3ac-db47111b0b11" />
      <TestMethod codeBase="D:/[-PRO-]/IAS.DataServiceTest/bin/Debug/IAS.DataServiceTest.DLL" adapterTypeName="Microsoft.VisualStudio.TestTools.TestTypes.Unit.UnitTestAdapter, Microsoft.VisualStudio.QualityTools.Tips.UnitTest.Adapter, Version=10.0.0.0, Culture=neutral, PublicKeyToken=b03f5f7f11d50a3a" className="IAS.DataServiceTest.GenerateComposeLicenseRequestTest, IAS.DataServiceTest, Version=1.0.0.0, Culture=neutral, PublicKeyToken=null" name="TestSpaceTest" />
    </UnitTest>
    <UnitTest name="GetAttatchFilesByRegisterationNoTest" storage="d:\[-pro-]\ias.dataservices.test\bin\debug\ias.dataservices.test.dll" id="741d43f8-ea39-3768-ce5f-d6374f290868">
      <Execution id="3dab408a-7148-4c7d-945e-eb2d3d445684" />
      <TestMethod codeBase="D:/[-PRO-]/IAS.DataServices.Test/bin/Debug/IAS.DataServices.Test.DLL" adapterTypeName="Microsoft.VisualStudio.TestTools.TestTypes.Unit.UnitTestAdapter, Microsoft.VisualStudio.QualityTools.Tips.UnitTest.Adapter, Version=10.0.0.0, Culture=neutral, PublicKeyToken=b03f5f7f11d50a3a" className="IAS.DataServices.Test.IRegistrationServiceTest, IAS.DataServices.Test, Version=1.0.0.0, Culture=neutral, PublicKeyToken=null" name="GetAttatchFilesByRegisterationNoTest" />
    </UnitTest>
    <UnitTest name="getNamePaymentByTest" storage="d:\[-pro-]\ias.dataservices.test\bin\debug\ias.dataservices.test.dll" id="669f0d5e-7f05-7f47-10d5-f753d1e80fcd">
      <Execution id="9798f80d-769f-4918-92c9-8e150239b96b" />
      <TestMethod codeBase="D:/[-PRO-]/IAS.DataServices.Test/bin/Debug/IAS.DataServices.Test.DLL" adapterTypeName="Microsoft.VisualStudio.TestTools.TestTypes.Unit.UnitTestAdapter, Microsoft.VisualStudio.QualityTools.Tips.UnitTest.Adapter, Version=10.0.0.0, Culture=neutral, PublicKeyToken=b03f5f7f11d50a3a" className="IAS.DataServices.Test.IPaymentServiceTest, IAS.DataServices.Test, Version=1.0.0.0, Culture=neutral, PublicKeyToken=null" name="getNamePaymentByTest" />
    </UnitTest>
    <UnitTest name="GetAgentTypeListTest" storage="d:\[-pro-]\ias.dataservices.test\bin\debug\ias.dataservices.test.dll" id="267143bb-9322-e814-64ee-20acdc201c2f">
      <Execution id="3759b0ef-e225-46d7-89fb-1c5582e46237" />
      <TestMethod codeBase="D:/[-PRO-]/IAS.DataServices.Test/bin/Debug/IAS.DataServices.Test.DLL" adapterTypeName="Microsoft.VisualStudio.TestTools.TestTypes.Unit.UnitTestAdapter, Microsoft.VisualStudio.QualityTools.Tips.UnitTest.Adapter, Version=10.0.0.0, Culture=neutral, PublicKeyToken=b03f5f7f11d50a3a" className="IAS.DataServices.Test.IExamServiceTest, IAS.DataServices.Test, Version=1.0.0.0, Culture=neutral, PublicKeyToken=null" name="GetAgentTypeListTest" />
    </UnitTest>
    <UnitTest name="GetUserProfileByUsernameTest" storage="d:\[-pro-]\ias.dataservices.test\bin\debug\ias.dataservices.test.dll" id="b8da9a58-6766-09d5-1120-d32ef761438d">
      <Execution id="40c67714-4b3a-4689-bca7-ac6e002357f2" />
      <TestMethod codeBase="D:/[-PRO-]/IAS.DataServices.Test/bin/Debug/IAS.DataServices.Test.DLL" adapterTypeName="Microsoft.VisualStudio.TestTools.TestTypes.Unit.UnitTestAdapter, Microsoft.VisualStudio.QualityTools.Tips.UnitTest.Adapter, Version=10.0.0.0, Culture=neutral, PublicKeyToken=b03f5f7f11d50a3a" className="IAS.DataServices.Test.IPersonServiceTest, IAS.DataServices.Test, Version=1.0.0.0, Culture=neutral, PublicKeyToken=null" name="GetUserProfileByUsernameTest" />
    </UnitTest>
    <UnitTest name="TestWhereEntity" storage="d:\[-pro-]\ias.dataservicetest\bin\debug\ias.dataservicetest.dll" id="36057584-3845-9aec-1363-c9569b93f03d">
      <Execution id="a69be03a-816b-4ec6-9605-01fc456b0046" />
      <TestMethod codeBase="D:/[-PRO-]/IAS.DataServiceTest/bin/Debug/IAS.DataServiceTest.DLL" adapterTypeName="Microsoft.VisualStudio.TestTools.TestTypes.Unit.UnitTestAdapter, Microsoft.VisualStudio.QualityTools.Tips.UnitTest.Adapter, Version=10.0.0.0, Culture=neutral, PublicKeyToken=b03f5f7f11d50a3a" className="IAS.DataServiceTest.GenerateComposeLicenseRequestTest, IAS.DataServiceTest, Version=1.0.0.0, Culture=neutral, PublicKeyToken=null" name="TestWhereEntity" />
    </UnitTest>
    <UnitTest name="ValidatePropTest" storage="d:\[-pro-]\ias.dataservices.test\bin\debug\ias.dataservices.test.dll" id="ec19e082-3b1d-c286-9d06-aac237feecdb">
      <Execution id="7837fa31-3992-4d5f-bde9-bdfcf3fdbf98" />
      <TestMethod codeBase="D:/[-PRO-]/IAS.DataServices.Test/bin/Debug/IAS.DataServices.Test.DLL" adapterTypeName="Microsoft.VisualStudio.TestTools.TestTypes.Unit.UnitTestAdapter, Microsoft.VisualStudio.QualityTools.Tips.UnitTest.Adapter, Version=10.0.0.0, Culture=neutral, PublicKeyToken=b03f5f7f11d50a3a" className="IAS.DataServices.Test.LicenseServiceTest, IAS.DataServices.Test, Version=1.0.0.0, Culture=neutral, PublicKeyToken=null" name="ValidatePropTest" />
    </UnitTest>
    <UnitTest name="GetExamByTestingNoAndPlaceCodeTest" storage="d:\[-pro-]\ias.dataservices.test\bin\debug\ias.dataservices.test.dll" id="b8ccf6b5-9d57-e51d-9e18-314579172388">
      <Execution id="51a8131a-e8df-46b3-85a1-cd6ccdb993b1" />
      <TestMethod codeBase="D:/[-PRO-]/IAS.DataServices.Test/bin/Debug/IAS.DataServices.Test.DLL" adapterTypeName="Microsoft.VisualStudio.TestTools.TestTypes.Unit.UnitTestAdapter, Microsoft.VisualStudio.QualityTools.Tips.UnitTest.Adapter, Version=10.0.0.0, Culture=neutral, PublicKeyToken=b03f5f7f11d50a3a" className="IAS.DataServices.Test.IExamServiceTest, IAS.DataServices.Test, Version=1.0.0.0, Culture=neutral, PublicKeyToken=null" name="GetExamByTestingNoAndPlaceCodeTest" />
    </UnitTest>
    <UnitTest name="DateTimeCompair" storage="d:\[-pro-]\ias.dataservicetest\bin\debug\ias.dataservicetest.dll" id="9f47b2c7-ce44-c38e-61ba-2a8e418e1150">
      <Execution id="30f368bd-d6fe-495b-86fa-eef52d161ce3" />
      <TestMethod codeBase="D:/[-PRO-]/IAS.DataServiceTest/bin/Debug/IAS.DataServiceTest.DLL" adapterTypeName="Microsoft.VisualStudio.TestTools.TestTypes.Unit.UnitTestAdapter, Microsoft.VisualStudio.QualityTools.Tips.UnitTest.Adapter, Version=10.0.0.0, Culture=neutral, PublicKeyToken=b03f5f7f11d50a3a" className="IAS.DataServiceTest.DateTimeTest, IAS.DataServiceTest, Version=1.0.0.0, Culture=neutral, PublicKeyToken=null" name="DateTimeCompair" />
    </UnitTest>
    <UnitTest name="TestCritiaReturnBy_Replece" storage="d:\[-pro-]\ias.dataservicetest\bin\debug\ias.dataservicetest.dll" id="dee67e30-0e15-4246-9876-2da4ce9ba59e">
      <Execution id="f2fcdbc4-551c-4beb-be1f-872420d43e04" />
      <TestMethod codeBase="D:/[-PRO-]/IAS.DataServiceTest/bin/Debug/IAS.DataServiceTest.DLL" adapterTypeName="Microsoft.VisualStudio.TestTools.TestTypes.Unit.UnitTestAdapter, Microsoft.VisualStudio.QualityTools.Tips.UnitTest.Adapter, Version=10.0.0.0, Culture=neutral, PublicKeyToken=b03f5f7f11d50a3a" className="IAS.DataServiceTest.BarCodeTest, IAS.DataServiceTest, Version=1.0.0.0, Culture=neutral, PublicKeyToken=null" name="TestCritiaReturnBy_Replece" />
    </UnitTest>
    <UnitTest name="RegistrationApproveTest" storage="d:\[-pro-]\ias.dataservices.test\bin\debug\ias.dataservices.test.dll" id="d68007fb-2284-43d5-95df-d4d670eb5e3d">
      <Execution id="824dbe77-f857-4f7f-a26d-8383e5a9e634" />
      <TestMethod codeBase="D:/[-PRO-]/IAS.DataServices.Test/bin/Debug/IAS.DataServices.Test.DLL" adapterTypeName="Microsoft.VisualStudio.TestTools.TestTypes.Unit.UnitTestAdapter, Microsoft.VisualStudio.QualityTools.Tips.UnitTest.Adapter, Version=10.0.0.0, Culture=neutral, PublicKeyToken=b03f5f7f11d50a3a" className="IAS.DataServices.Test.IRegistrationServiceTest, IAS.DataServices.Test, Version=1.0.0.0, Culture=neutral, PublicKeyToken=null" name="RegistrationApproveTest" />
    </UnitTest>
    <UnitTest name="GetApplicantNoPaymentTest" storage="d:\[-pro-]\ias.dataservices.test\bin\debug\ias.dataservices.test.dll" id="905c8e79-bcfe-2b72-2ec4-d94f7431f710">
      <Execution id="5903e608-5e60-4f20-868e-ed17ce31d9c0" />
      <TestMethod codeBase="D:/[-PRO-]/IAS.DataServices.Test/bin/Debug/IAS.DataServices.Test.DLL" adapterTypeName="Microsoft.VisualStudio.TestTools.TestTypes.Unit.UnitTestAdapter, Microsoft.VisualStudio.QualityTools.Tips.UnitTest.Adapter, Version=10.0.0.0, Culture=neutral, PublicKeyToken=b03f5f7f11d50a3a" className="IAS.DataServices.Test.IPaymentServiceTest, IAS.DataServices.Test, Version=1.0.0.0, Culture=neutral, PublicKeyToken=null" name="GetApplicantNoPaymentTest" />
    </UnitTest>
    <UnitTest name="MailConfirmHelper_Can_send_mail_registration_toMember" storage="d:\[-pro-]\ias.dataservicetest\bin\debug\ias.dataservicetest.dll" id="90a6d0db-4512-2f79-0708-f1e04e94d27b">
      <Execution id="a04640f3-cfc5-4303-b1a2-d5be3737e9a4" />
      <TestMethod codeBase="D:/[-PRO-]/IAS.DataServiceTest/bin/Debug/IAS.DataServiceTest.DLL" adapterTypeName="Microsoft.VisualStudio.TestTools.TestTypes.Unit.UnitTestAdapter, Microsoft.VisualStudio.QualityTools.Tips.UnitTest.Adapter, Version=10.0.0.0, Culture=neutral, PublicKeyToken=b03f5f7f11d50a3a" className="IAS.DataServiceTest.EmailDataServiceTest, IAS.DataServiceTest, Version=1.0.0.0, Culture=neutral, PublicKeyToken=null" name="MailConfirmHelper_Can_send_mail_registration_toMember" />
    </UnitTest>
    <UnitTest name="RenewPasswordTest" storage="d:\[-pro-]\ias.dataservices.test\bin\debug\ias.dataservices.test.dll" id="21006443-6258-bbf0-6a9a-f4f64b7a3f05">
      <Execution id="ba418eff-04e7-4f2b-aaad-9f50edb24b0b" />
      <TestMethod codeBase="D:/[-PRO-]/IAS.DataServices.Test/bin/Debug/IAS.DataServices.Test.DLL" adapterTypeName="Microsoft.VisualStudio.TestTools.TestTypes.Unit.UnitTestAdapter, Microsoft.VisualStudio.QualityTools.Tips.UnitTest.Adapter, Version=10.0.0.0, Culture=neutral, PublicKeyToken=b03f5f7f11d50a3a" className="IAS.DataServices.Test.IPersonServiceTest, IAS.DataServices.Test, Version=1.0.0.0, Culture=neutral, PublicKeyToken=null" name="RenewPasswordTest" />
    </UnitTest>
    <UnitTest name="Insert12TTest" storage="d:\[-pro-]\ias.dataservices.test\bin\debug\ias.dataservices.test.dll" id="389d2920-6b64-b085-8768-3a3c872177d0">
      <Execution id="e924bd98-9ac1-4ff0-a611-428a35361df2" />
      <TestMethod codeBase="D:/[-PRO-]/IAS.DataServices.Test/bin/Debug/IAS.DataServices.Test.DLL" adapterTypeName="Microsoft.VisualStudio.TestTools.TestTypes.Unit.UnitTestAdapter, Microsoft.VisualStudio.QualityTools.Tips.UnitTest.Adapter, Version=10.0.0.0, Culture=neutral, PublicKeyToken=b03f5f7f11d50a3a" className="IAS.DataServices.Test.PaymentServiceTest, IAS.DataServices.Test, Version=1.0.0.0, Culture=neutral, PublicKeyToken=null" name="Insert12TTest" />
    </UnitTest>
    <UnitTest name="GetCompanyNameByIdToTextTest" storage="d:\[-pro-]\ias.dataservices.test\bin\debug\ias.dataservices.test.dll" id="79f4275e-6b07-0262-6c88-366f9f974a13">
      <Execution id="a3547635-7f57-4bd2-a1ab-109c2e12c9f2" />
      <TestMethod codeBase="D:/[-PRO-]/IAS.DataServices.Test/bin/Debug/IAS.DataServices.Test.DLL" adapterTypeName="Microsoft.VisualStudio.TestTools.TestTypes.Unit.UnitTestAdapter, Microsoft.VisualStudio.QualityTools.Tips.UnitTest.Adapter, Version=10.0.0.0, Culture=neutral, PublicKeyToken=b03f5f7f11d50a3a" className="IAS.DataServices.Test.DataCenterServiceTest, IAS.DataServices.Test, Version=1.0.0.0, Culture=neutral, PublicKeyToken=null" name="GetCompanyNameByIdToTextTest" />
      <AspNet webSiteUrl="http://localhost:9999/">
        <Host pathToWebApp="D:\AIS_NEW_NEW_NEW\WebService\IAS.DataServices" webAppRoot="/" />
      </AspNet>
    </UnitTest>
    <UnitTest name="The_Finance_BillBiz_Can_GetBillNo_By_pass_parameter" storage="d:\[-pro-]\ias.dataservicetest\bin\debug\ias.dataservicetest.dll" id="e3fbf6f8-4a3a-06ee-ab2e-dd7b0398d51b">
      <Execution id="696e5e61-7d58-4167-b8ab-1c21d9b84ff3" />
      <TestMethod codeBase="D:/[-PRO-]/IAS.DataServiceTest/bin/Debug/IAS.DataServiceTest.DLL" adapterTypeName="Microsoft.VisualStudio.TestTools.TestTypes.Unit.UnitTestAdapter, Microsoft.VisualStudio.QualityTools.Tips.UnitTest.Adapter, Version=10.0.0.0, Culture=neutral, PublicKeyToken=b03f5f7f11d50a3a" className="IAS.DataServiceTest.BillBizTests, IAS.DataServiceTest, Version=1.0.0.0, Culture=neutral, PublicKeyToken=null" name="The_Finance_BillBiz_Can_GetBillNo_By_pass_parameter" />
    </UnitTest>
    <UnitTest name="TestDupicate" storage="d:\[-pro-]\ias.dataservicetest\bin\debug\ias.dataservicetest.dll" id="d5bd2e61-25d8-a373-4161-c3925781dba2">
      <Execution id="edc97105-617e-4acc-82f4-07954ac4b42b" />
      <TestMethod codeBase="D:/[-PRO-]/IAS.DataServiceTest/bin/Debug/IAS.DataServiceTest.DLL" adapterTypeName="Microsoft.VisualStudio.TestTools.TestTypes.Unit.UnitTestAdapter, Microsoft.VisualStudio.QualityTools.Tips.UnitTest.Adapter, Version=10.0.0.0, Culture=neutral, PublicKeyToken=b03f5f7f11d50a3a" className="IAS.DataServiceTest.TestValue, IAS.DataServiceTest, Version=1.0.0.0, Culture=neutral, PublicKeyToken=null" name="TestDupicate" />
    </UnitTest>
    <UnitTest name="GetGroupPaymentByCriteriaTest" storage="d:\[-pro-]\ias.dataservices.test\bin\debug\ias.dataservices.test.dll" id="95b9bebe-35c9-39a1-f16b-fca269062e3b">
      <Execution id="37294912-081e-402f-89ff-ddfa88c74139" />
      <TestMethod codeBase="D:/[-PRO-]/IAS.DataServices.Test/bin/Debug/IAS.DataServices.Test.DLL" adapterTypeName="Microsoft.VisualStudio.TestTools.TestTypes.Unit.UnitTestAdapter, Microsoft.VisualStudio.QualityTools.Tips.UnitTest.Adapter, Version=10.0.0.0, Culture=neutral, PublicKeyToken=b03f5f7f11d50a3a" className="IAS.DataServices.Test.IPaymentServiceTest, IAS.DataServices.Test, Version=1.0.0.0, Culture=neutral, PublicKeyToken=null" name="GetGroupPaymentByCriteriaTest" />
    </UnitTest>
    <UnitTest name="DeleteLicensetypeTest" storage="d:\[-pro-]\ias.dataservices.test\bin\debug\ias.dataservices.test.dll" id="0256e8b8-3a78-45c0-ecce-3177b083d335">
      <Execution id="24f8da20-3250-4605-a655-81ac48c1f121" />
      <TestMethod codeBase="D:/[-PRO-]/IAS.DataServices.Test/bin/Debug/IAS.DataServices.Test.DLL" adapterTypeName="Microsoft.VisualStudio.TestTools.TestTypes.Unit.UnitTestAdapter, Microsoft.VisualStudio.QualityTools.Tips.UnitTest.Adapter, Version=10.0.0.0, Culture=neutral, PublicKeyToken=b03f5f7f11d50a3a" className="IAS.DataServices.Test.IExamServiceTest, IAS.DataServices.Test, Version=1.0.0.0, Culture=neutral, PublicKeyToken=null" name="DeleteLicensetypeTest" />
    </UnitTest>
    <UnitTest name="ChangePasswordTest" storage="d:\[-pro-]\ias.dataservices.test\bin\debug\ias.dataservices.test.dll" id="ae73fe09-8a16-80bc-fd0e-275f3a10bd47">
      <Execution id="1a633adb-57d0-45e1-8453-8cbd1ec50120" />
      <TestMethod codeBase="D:/[-PRO-]/IAS.DataServices.Test/bin/Debug/IAS.DataServices.Test.DLL" adapterTypeName="Microsoft.VisualStudio.TestTools.TestTypes.Unit.UnitTestAdapter, Microsoft.VisualStudio.QualityTools.Tips.UnitTest.Adapter, Version=10.0.0.0, Culture=neutral, PublicKeyToken=b03f5f7f11d50a3a" className="IAS.DataServices.Test.IPersonServiceTest, IAS.DataServices.Test, Version=1.0.0.0, Culture=neutral, PublicKeyToken=null" name="ChangePasswordTest" />
    </UnitTest>
    <UnitTest name="CityBankTextFileHeaderType1_Can_SubString_To_BankFileHeader" storage="d:\[-pro-]\ias.dataservicetest\bin\debug\ias.dataservicetest.dll" id="8f0966ee-1abe-fc98-80a7-ff17f171a868">
      <Execution id="b974b1e8-9de9-4ab3-bbdd-9b66d107910c" />
      <TestMethod codeBase="D:/[-PRO-]/IAS.DataServiceTest/bin/Debug/IAS.DataServiceTest.DLL" adapterTypeName="Microsoft.VisualStudio.TestTools.TestTypes.Unit.UnitTestAdapter, Microsoft.VisualStudio.QualityTools.Tips.UnitTest.Adapter, Version=10.0.0.0, Culture=neutral, PublicKeyToken=b03f5f7f11d50a3a" className="IAS.DataServiceTest.CityBankTextFileTest, IAS.DataServiceTest, Version=1.0.0.0, Culture=neutral, PublicKeyToken=null" name="CityBankTextFileHeaderType1_Can_SubString_To_BankFileHeader" />
    </UnitTest>
    <UnitTest name="CanChangeExamTest" storage="d:\[-pro-]\ias.dataservices.test\bin\debug\ias.dataservices.test.dll" id="05a79f07-b5cc-05ee-aa2d-a1e4eaf8b0ef">
      <Execution id="ece7fbaf-d4e9-4ff7-98b3-f71c92f8a039" />
      <TestMethod codeBase="D:/[-PRO-]/IAS.DataServices.Test/bin/Debug/IAS.DataServices.Test.DLL" adapterTypeName="Microsoft.VisualStudio.TestTools.TestTypes.Unit.UnitTestAdapter, Microsoft.VisualStudio.QualityTools.Tips.UnitTest.Adapter, Version=10.0.0.0, Culture=neutral, PublicKeyToken=b03f5f7f11d50a3a" className="IAS.DataServices.Test.IExamServiceTest, IAS.DataServices.Test, Version=1.0.0.0, Culture=neutral, PublicKeyToken=null" name="CanChangeExamTest" />
    </UnitTest>
    <UnitTest name="GetLicenseConfigByPetitionTest" storage="d:\[-pro-]\ias.dataservices.test\bin\debug\ias.dataservices.test.dll" id="7ed60232-b82b-7192-5cbe-9cd14c7ff10f">
      <Execution id="066e416a-ac67-4e1a-b84e-5004b41eb3ce" />
      <TestMethod codeBase="D:/[-PRO-]/IAS.DataServices.Test/bin/Debug/IAS.DataServices.Test.DLL" adapterTypeName="Microsoft.VisualStudio.TestTools.TestTypes.Unit.UnitTestAdapter, Microsoft.VisualStudio.QualityTools.Tips.UnitTest.Adapter, Version=10.0.0.0, Culture=neutral, PublicKeyToken=b03f5f7f11d50a3a" className="IAS.DataServices.Test.LicenseServiceTest, IAS.DataServices.Test, Version=1.0.0.0, Culture=neutral, PublicKeyToken=null" name="GetLicenseConfigByPetitionTest" />
    </UnitTest>
    <UnitTest name="GetPersonTempTest" storage="d:\[-pro-]\ias.dataservices.test\bin\debug\ias.dataservices.test.dll" id="28ea2903-1a0b-7cce-3b35-96988561c73e">
      <Execution id="01189a36-307f-4814-9aba-979be40582c0" />
      <TestMethod codeBase="D:/[-PRO-]/IAS.DataServices.Test/bin/Debug/IAS.DataServices.Test.DLL" adapterTypeName="Microsoft.VisualStudio.TestTools.TestTypes.Unit.UnitTestAdapter, Microsoft.VisualStudio.QualityTools.Tips.UnitTest.Adapter, Version=10.0.0.0, Culture=neutral, PublicKeyToken=b03f5f7f11d50a3a" className="IAS.DataServices.Test.IPersonServiceTest, IAS.DataServices.Test, Version=1.0.0.0, Culture=neutral, PublicKeyToken=null" name="GetPersonTempTest" />
    </UnitTest>
    <UnitTest name="GetExamRoomByPlaceCodeAndTimeCodeTest" storage="d:\[-pro-]\ias.dataservices.test\bin\debug\ias.dataservices.test.dll" id="2f8221e5-b8d6-7000-19fe-e778a707fe4d">
      <Execution id="422183dd-8c4c-41c7-a4fd-c3229cf9b833" />
      <TestMethod codeBase="D:/[-PRO-]/IAS.DataServices.Test/bin/Debug/IAS.DataServices.Test.DLL" adapterTypeName="Microsoft.VisualStudio.TestTools.TestTypes.Unit.UnitTestAdapter, Microsoft.VisualStudio.QualityTools.Tips.UnitTest.Adapter, Version=10.0.0.0, Culture=neutral, PublicKeyToken=b03f5f7f11d50a3a" className="IAS.DataServices.Test.ExamServiceTest, IAS.DataServices.Test, Version=1.0.0.0, Culture=neutral, PublicKeyToken=null" name="GetExamRoomByPlaceCodeAndTimeCodeTest" />
    </UnitTest>
    <UnitTest name="GetRcvHisDetailTest" storage="d:\[-pro-]\ias.dataservices.test\bin\debug\ias.dataservices.test.dll" id="7801fab5-f2a2-85e8-fb8d-94012e60fe88">
      <Execution id="71f12f05-e49a-4d13-9402-acd8b3dca6e9" />
      <TestMethod codeBase="D:/[-PRO-]/IAS.DataServices.Test/bin/Debug/IAS.DataServices.Test.DLL" adapterTypeName="Microsoft.VisualStudio.TestTools.TestTypes.Unit.UnitTestAdapter, Microsoft.VisualStudio.QualityTools.Tips.UnitTest.Adapter, Version=10.0.0.0, Culture=neutral, PublicKeyToken=b03f5f7f11d50a3a" className="IAS.DataServices.Test.IPaymentServiceTest, IAS.DataServices.Test, Version=1.0.0.0, Culture=neutral, PublicKeyToken=null" name="GetRcvHisDetailTest" />
    </UnitTest>
    <UnitTest name="GetByIdCardTest" storage="d:\[-pro-]\ias.dataservices.test\bin\debug\ias.dataservices.test.dll" id="42765432-bc77-847a-1a7c-2c1109779a2a">
      <Execution id="f956102e-e1c7-44ba-9efc-5fda446a3f1e" />
      <TestMethod codeBase="D:/[-PRO-]/IAS.DataServices.Test/bin/Debug/IAS.DataServices.Test.DLL" adapterTypeName="Microsoft.VisualStudio.TestTools.TestTypes.Unit.UnitTestAdapter, Microsoft.VisualStudio.QualityTools.Tips.UnitTest.Adapter, Version=10.0.0.0, Culture=neutral, PublicKeyToken=b03f5f7f11d50a3a" className="IAS.DataServices.Test.IRegistrationServiceTest, IAS.DataServices.Test, Version=1.0.0.0, Culture=neutral, PublicKeyToken=null" name="GetByIdCardTest" />
    </UnitTest>
    <UnitTest name="CodedUITestMethod1" storage="d:\[-pro-]\ias.dataservicetest\bin\debug\ias.dataservicetest.dll" id="68532a04-6112-ed9f-5ce1-9b8b6ff51e08">
      <Execution id="882d8200-a02e-4f60-9e14-7ab9549b7358" />
      <TestMethod codeBase="D:/[-PRO-]/IAS.DataServiceTest/bin/Debug/IAS.DataServiceTest.DLL" adapterTypeName="Microsoft.VisualStudio.TestTools.TestTypes.Unit.UnitTestAdapter, Microsoft.VisualStudio.QualityTools.Tips.UnitTest.Adapter, Version=10.0.0.0, Culture=neutral, PublicKeyToken=b03f5f7f11d50a3a" className="IAS.DataServiceTest.CodedUITest1, IAS.DataServiceTest, Version=1.0.0.0, Culture=neutral, PublicKeyToken=null" name="CodedUITestMethod1" />
      <Extension>Microsoft.VisualStudio.TestTools.UITesting.CodedUITestAttribute, Microsoft.VisualStudio.QualityTools.CodedUITestFramework, Version=10.0.0.0, Culture=neutral, PublicKeyToken=b03f5f7f11d50a3a</Extension>
    </UnitTest>
    <UnitTest name="GenPaymentNumberTest" storage="d:\[-pro-]\ias.dataservices.test\bin\debug\ias.dataservices.test.dll" id="01e03fc8-bcc4-acd4-da41-16175f95b6da">
      <Execution id="f3d998fb-7953-4f93-b215-e020542cf2da" />
      <TestMethod codeBase="D:/[-PRO-]/IAS.DataServices.Test/bin/Debug/IAS.DataServices.Test.DLL" adapterTypeName="Microsoft.VisualStudio.TestTools.TestTypes.Unit.UnitTestAdapter, Microsoft.VisualStudio.QualityTools.Tips.UnitTest.Adapter, Version=10.0.0.0, Culture=neutral, PublicKeyToken=b03f5f7f11d50a3a" className="IAS.DataServices.Test.IPaymentServiceTest, IAS.DataServices.Test, Version=1.0.0.0, Culture=neutral, PublicKeyToken=null" name="GenPaymentNumberTest" />
    </UnitTest>
    <UnitTest name="GetHolidayTest" storage="d:\[-pro-]\ias.dataservices.test\bin\debug\ias.dataservices.test.dll" id="ea7b7da7-c550-9d6f-0ca6-fe28fe53a0df">
      <Execution id="c2ee56d7-5544-49f0-b4c1-7c196ff2aa24" />
      <TestMethod codeBase="D:/[-PRO-]/IAS.DataServices.Test/bin/Debug/IAS.DataServices.Test.DLL" adapterTypeName="Microsoft.VisualStudio.TestTools.TestTypes.Unit.UnitTestAdapter, Microsoft.VisualStudio.QualityTools.Tips.UnitTest.Adapter, Version=10.0.0.0, Culture=neutral, PublicKeyToken=b03f5f7f11d50a3a" className="IAS.DataServices.Test.IExamServiceTest, IAS.DataServices.Test, Version=1.0.0.0, Culture=neutral, PublicKeyToken=null" name="GetHolidayTest" />
    </UnitTest>
    <UnitTest name="GetExamHistoryByIDTest" storage="d:\[-pro-]\ias.dataservices.test\bin\debug\ias.dataservices.test.dll" id="51da17ee-8ca5-b6ec-7408-2897d1cccf52">
      <Execution id="ec929e70-0a0d-4299-bd24-71c9c0177145" />
      <TestMethod codeBase="D:/[-PRO-]/IAS.DataServices.Test/bin/Debug/IAS.DataServices.Test.DLL" adapterTypeName="Microsoft.VisualStudio.TestTools.TestTypes.Unit.UnitTestAdapter, Microsoft.VisualStudio.QualityTools.Tips.UnitTest.Adapter, Version=10.0.0.0, Culture=neutral, PublicKeyToken=b03f5f7f11d50a3a" className="IAS.DataServices.Test.PaymentServiceTest, IAS.DataServices.Test, Version=1.0.0.0, Culture=neutral, PublicKeyToken=null" name="GetExamHistoryByIDTest" />
    </UnitTest>
    <UnitTest name="UpdateExamTest" storage="d:\[-pro-]\ias.dataservices.test\bin\debug\ias.dataservices.test.dll" id="adbcf798-18a4-2d9c-cf77-e8c9c3135754">
      <Execution id="828707d0-0d4c-4023-b37b-6e321732bb86" />
      <TestMethod codeBase="D:/[-PRO-]/IAS.DataServices.Test/bin/Debug/IAS.DataServices.Test.DLL" adapterTypeName="Microsoft.VisualStudio.TestTools.TestTypes.Unit.UnitTestAdapter, Microsoft.VisualStudio.QualityTools.Tips.UnitTest.Adapter, Version=10.0.0.0, Culture=neutral, PublicKeyToken=b03f5f7f11d50a3a" className="IAS.DataServices.Test.IExamServiceTest, IAS.DataServices.Test, Version=1.0.0.0, Culture=neutral, PublicKeyToken=null" name="UpdateExamTest" />
    </UnitTest>
    <UnitTest name="InsertAttachFileToRegistrationTest" storage="d:\[-pro-]\ias.dataservices.test\bin\debug\ias.dataservices.test.dll" id="ce596f10-3082-c475-1ef7-3c9474252a5d">
      <Execution id="0494aac7-a184-4037-bbd7-b4a1a4c42641" />
      <TestMethod codeBase="D:/[-PRO-]/IAS.DataServices.Test/bin/Debug/IAS.DataServices.Test.DLL" adapterTypeName="Microsoft.VisualStudio.TestTools.TestTypes.Unit.UnitTestAdapter, Microsoft.VisualStudio.QualityTools.Tips.UnitTest.Adapter, Version=10.0.0.0, Culture=neutral, PublicKeyToken=b03f5f7f11d50a3a" className="IAS.DataServices.Test.IRegistrationServiceTest, IAS.DataServices.Test, Version=1.0.0.0, Culture=neutral, PublicKeyToken=null" name="InsertAttachFileToRegistrationTest" />
    </UnitTest>
    <UnitTest name="LicenseRequestFactory_Can_Reader_ComposeFile" storage="d:\[-pro-]\ias.dataservicetest\bin\debug\ias.dataservicetest.dll" id="4bb9b35b-50d2-8cde-e923-693bf4231ef4">
      <Execution id="e64f345a-437a-4e77-9543-e787ca983430" />
      <TestMethod codeBase="D:/[-PRO-]/IAS.DataServiceTest/bin/Debug/IAS.DataServiceTest.DLL" adapterTypeName="Microsoft.VisualStudio.TestTools.TestTypes.Unit.UnitTestAdapter, Microsoft.VisualStudio.QualityTools.Tips.UnitTest.Adapter, Version=10.0.0.0, Culture=neutral, PublicKeyToken=b03f5f7f11d50a3a" className="IAS.DataServiceTest.LicenseRequestFileUploadTest, IAS.DataServiceTest, Version=1.0.0.0, Culture=neutral, PublicKeyToken=null" name="LicenseRequestFactory_Can_Reader_ComposeFile" />
    </UnitTest>
    <UnitTest name="EntityValidation" storage="d:\[-pro-]\ias.dataservices.test\bin\debug\ias.dataservices.test.dll" id="9750e1b3-f1c0-85f3-54d5-02af97f32398">
      <Execution id="8197c1e1-58e7-48c2-ac76-e4c312c52e31" />
      <TestMethod codeBase="D:/[-PRO-]/IAS.DataServices.Test/bin/Debug/IAS.DataServices.Test.DLL" adapterTypeName="Microsoft.VisualStudio.TestTools.TestTypes.Unit.UnitTestAdapter, Microsoft.VisualStudio.QualityTools.Tips.UnitTest.Adapter, Version=10.0.0.0, Culture=neutral, PublicKeyToken=b03f5f7f11d50a3a" className="IAS.DataServices.Test.IRegistrationServiceTest, IAS.DataServices.Test, Version=1.0.0.0, Culture=neutral, PublicKeyToken=null" name="EntityValidation" />
    </UnitTest>
    <UnitTest name="DeleteExamTest" storage="d:\[-pro-]\ias.dataservices.test\bin\debug\ias.dataservices.test.dll" id="0253b8c2-17e1-2808-3362-12369371651d">
      <Execution id="5ad49234-20b1-41cc-9eb5-08e6f56a284d" />
      <TestMethod codeBase="D:/[-PRO-]/IAS.DataServices.Test/bin/Debug/IAS.DataServices.Test.DLL" adapterTypeName="Microsoft.VisualStudio.TestTools.TestTypes.Unit.UnitTestAdapter, Microsoft.VisualStudio.QualityTools.Tips.UnitTest.Adapter, Version=10.0.0.0, Culture=neutral, PublicKeyToken=b03f5f7f11d50a3a" className="IAS.DataServices.Test.IExamServiceTest, IAS.DataServices.Test, Version=1.0.0.0, Culture=neutral, PublicKeyToken=null" name="DeleteExamTest" />
    </UnitTest>
    <UnitTest name="TestSubLinq" storage="d:\[-pro-]\ias.dataservicetest\bin\debug\ias.dataservicetest.dll" id="83667c25-b34f-4628-925c-856c06d747d6">
      <Execution id="cdd62956-2b42-466f-8ca9-8354a7e85355" />
      <TestMethod codeBase="D:/[-PRO-]/IAS.DataServiceTest/bin/Debug/IAS.DataServiceTest.DLL" adapterTypeName="Microsoft.VisualStudio.TestTools.TestTypes.Unit.UnitTestAdapter, Microsoft.VisualStudio.QualityTools.Tips.UnitTest.Adapter, Version=10.0.0.0, Culture=neutral, PublicKeyToken=b03f5f7f11d50a3a" className="IAS.DataServiceTest.LinqTestingSumEntitiesValue, IAS.DataServiceTest, Version=1.0.0.0, Culture=neutral, PublicKeyToken=null" name="TestSubLinq" />
    </UnitTest>
    <UnitTest name="GetPlaceExamNameByIdTest" storage="d:\[-pro-]\ias.dataservices.test\bin\debug\ias.dataservices.test.dll" id="f8bae1ea-a897-80c2-ce72-d62a853c3616">
      <Execution id="db903b40-fc12-490d-b73c-cfc9a3712778" />
      <TestMethod codeBase="D:/[-PRO-]/IAS.DataServices.Test/bin/Debug/IAS.DataServices.Test.DLL" adapterTypeName="Microsoft.VisualStudio.TestTools.TestTypes.Unit.UnitTestAdapter, Microsoft.VisualStudio.QualityTools.Tips.UnitTest.Adapter, Version=10.0.0.0, Culture=neutral, PublicKeyToken=b03f5f7f11d50a3a" className="IAS.DataServices.Test.DataCenterServiceTest, IAS.DataServices.Test, Version=1.0.0.0, Culture=neutral, PublicKeyToken=null" name="GetPlaceExamNameByIdTest" />
    </UnitTest>
    <UnitTest name="GetUserProfileAttatchFileByPersonIdTest" storage="d:\[-pro-]\ias.dataservices.test\bin\debug\ias.dataservices.test.dll" id="593b8aac-2d22-ebc7-10de-1f3334922ac5">
      <Execution id="f3e205d9-e721-47de-adbc-cd4afcf25401" />
      <TestMethod codeBase="D:/[-PRO-]/IAS.DataServices.Test/bin/Debug/IAS.DataServices.Test.DLL" adapterTypeName="Microsoft.VisualStudio.TestTools.TestTypes.Unit.UnitTestAdapter, Microsoft.VisualStudio.QualityTools.Tips.UnitTest.Adapter, Version=10.0.0.0, Culture=neutral, PublicKeyToken=b03f5f7f11d50a3a" className="IAS.DataServices.Test.IPersonServiceTest, IAS.DataServices.Test, Version=1.0.0.0, Culture=neutral, PublicKeyToken=null" name="GetUserProfileAttatchFileByPersonIdTest" />
    </UnitTest>
    <UnitTest name="TestObjectClassBindStringObjectClass" storage="d:\[-pro-]\ias.dataservicetest\bin\debug\ias.dataservicetest.dll" id="26db8a55-b1ae-a3ee-f981-d52bdffff1b9">
      <Execution id="48c48f86-a17d-4894-938a-d74eda1d9399" />
      <TestMethod codeBase="D:/[-PRO-]/IAS.DataServiceTest/bin/Debug/IAS.DataServiceTest.DLL" adapterTypeName="Microsoft.VisualStudio.TestTools.TestTypes.Unit.UnitTestAdapter, Microsoft.VisualStudio.QualityTools.Tips.UnitTest.Adapter, Version=10.0.0.0, Culture=neutral, PublicKeyToken=b03f5f7f11d50a3a" className="IAS.DataServiceTest.ObjectClass_BindSting_Property_And_ValueTest, IAS.DataServiceTest, Version=1.0.0.0, Culture=neutral, PublicKeyToken=null" name="TestObjectClassBindStringObjectClass" />
    </UnitTest>
    <UnitTest name="GetPersonByCriteriaTest" storage="d:\[-pro-]\ias.dataservices.test\bin\debug\ias.dataservices.test.dll" id="df61230b-55f4-b8d9-7965-c77266751ec2">
      <Execution id="a14f4675-1ce4-4785-bf58-6d90799b8856" />
      <TestMethod codeBase="D:/[-PRO-]/IAS.DataServices.Test/bin/Debug/IAS.DataServices.Test.DLL" adapterTypeName="Microsoft.VisualStudio.TestTools.TestTypes.Unit.UnitTestAdapter, Microsoft.VisualStudio.QualityTools.Tips.UnitTest.Adapter, Version=10.0.0.0, Culture=neutral, PublicKeyToken=b03f5f7f11d50a3a" className="IAS.DataServices.Test.IPersonServiceTest, IAS.DataServices.Test, Version=1.0.0.0, Culture=neutral, PublicKeyToken=null" name="GetPersonByCriteriaTest" />
    </UnitTest>
    <UnitTest name="GetExamRoomTest" storage="d:\[-pro-]\ias.dataservices.test\bin\debug\ias.dataservices.test.dll" id="d1ada082-d50c-d8f8-968f-cf6757a044f7">
      <Execution id="704d4cd1-4b9a-4b88-ae4e-a27174fda274" />
      <TestMethod codeBase="D:/[-PRO-]/IAS.DataServices.Test/bin/Debug/IAS.DataServices.Test.DLL" adapterTypeName="Microsoft.VisualStudio.TestTools.TestTypes.Unit.UnitTestAdapter, Microsoft.VisualStudio.QualityTools.Tips.UnitTest.Adapter, Version=10.0.0.0, Culture=neutral, PublicKeyToken=b03f5f7f11d50a3a" className="IAS.DataServices.Test.IExamServiceTest, IAS.DataServices.Test, Version=1.0.0.0, Culture=neutral, PublicKeyToken=null" name="GetExamRoomTest" />
    </UnitTest>
    <UnitTest name="GetTempAttatchFileByPersonIdTest" storage="d:\[-pro-]\ias.dataservices.test\bin\debug\ias.dataservices.test.dll" id="b01e3434-0d00-60b3-81c0-bff12a1045ce">
      <Execution id="ac1a3bb2-382a-41f2-9fad-55fa2f8da4ab" />
      <TestMethod codeBase="D:/[-PRO-]/IAS.DataServices.Test/bin/Debug/IAS.DataServices.Test.DLL" adapterTypeName="Microsoft.VisualStudio.TestTools.TestTypes.Unit.UnitTestAdapter, Microsoft.VisualStudio.QualityTools.Tips.UnitTest.Adapter, Version=10.0.0.0, Culture=neutral, PublicKeyToken=b03f5f7f11d50a3a" className="IAS.DataServices.Test.IPersonServiceTest, IAS.DataServices.Test, Version=1.0.0.0, Culture=neutral, PublicKeyToken=null" name="GetTempAttatchFileByPersonIdTest" />
    </UnitTest>
    <UnitTest name="LicenseRequest_Can_Seperate_DataRowDetail" storage="d:\[-pro-]\ias.dataservicetest\bin\debug\ias.dataservicetest.dll" id="fc179cf8-b581-029e-3ba5-ae678b6edef3">
      <Execution id="93f9e0c1-acda-4c1f-bf82-6d67f0375df7" />
      <TestMethod codeBase="D:/[-PRO-]/IAS.DataServiceTest/bin/Debug/IAS.DataServiceTest.DLL" adapterTypeName="Microsoft.VisualStudio.TestTools.TestTypes.Unit.UnitTestAdapter, Microsoft.VisualStudio.QualityTools.Tips.UnitTest.Adapter, Version=10.0.0.0, Culture=neutral, PublicKeyToken=b03f5f7f11d50a3a" className="IAS.DataServiceTest.LicenseRequestFileUploadTest, IAS.DataServiceTest, Version=1.0.0.0, Culture=neutral, PublicKeyToken=null" name="LicenseRequest_Can_Seperate_DataRowDetail" />
    </UnitTest>
    <UnitTest name="GetExamCodeTest" storage="d:\[-pro-]\ias.dataservices.test\bin\debug\ias.dataservices.test.dll" id="27c4f348-9e33-b1a6-54e4-d1457acec12a">
      <Execution id="9830eda8-0e18-4338-b8b9-cb53591733f5" />
      <TestMethod codeBase="D:/[-PRO-]/IAS.DataServices.Test/bin/Debug/IAS.DataServices.Test.DLL" adapterTypeName="Microsoft.VisualStudio.TestTools.TestTypes.Unit.UnitTestAdapter, Microsoft.VisualStudio.QualityTools.Tips.UnitTest.Adapter, Version=10.0.0.0, Culture=neutral, PublicKeyToken=b03f5f7f11d50a3a" className="IAS.DataServices.Test.IPaymentServiceTest, IAS.DataServices.Test, Version=1.0.0.0, Culture=neutral, PublicKeyToken=null" name="GetExamCodeTest" />
    </UnitTest>
    <UnitTest name="GetLicenseGroupRequestPaidTest" storage="d:\[-pro-]\ias.dataservices.test\bin\debug\ias.dataservices.test.dll" id="18aeab10-a06d-984c-4508-a89e5543819b">
      <Execution id="59d0af8b-ac98-47a3-b95c-b1aa20f2c36b" />
      <TestMethod codeBase="D:/[-PRO-]/IAS.DataServices.Test/bin/Debug/IAS.DataServices.Test.DLL" adapterTypeName="Microsoft.VisualStudio.TestTools.TestTypes.Unit.UnitTestAdapter, Microsoft.VisualStudio.QualityTools.Tips.UnitTest.Adapter, Version=10.0.0.0, Culture=neutral, PublicKeyToken=b03f5f7f11d50a3a" className="IAS.DataServices.Test.IPaymentServiceTest, IAS.DataServices.Test, Version=1.0.0.0, Culture=neutral, PublicKeyToken=null" name="GetLicenseGroupRequestPaidTest" />
    </UnitTest>
    <UnitTest name="GetApplicantByIdTest" storage="d:\[-pro-]\ias.dataservices.test\bin\debug\ias.dataservices.test.dll" id="b6eb61cf-6151-443a-4253-fa0d076a51b1">
      <Execution id="6e9b571f-a29b-4fa0-80fd-8c01ce9f5175" />
      <TestMethod codeBase="D:/[-PRO-]/IAS.DataServices.Test/bin/Debug/IAS.DataServices.Test.DLL" adapterTypeName="Microsoft.VisualStudio.TestTools.TestTypes.Unit.UnitTestAdapter, Microsoft.VisualStudio.QualityTools.Tips.UnitTest.Adapter, Version=10.0.0.0, Culture=neutral, PublicKeyToken=b03f5f7f11d50a3a" className="IAS.DataServices.Test.IApplicantServiceTest, IAS.DataServices.Test, Version=1.0.0.0, Culture=neutral, PublicKeyToken=null" name="GetApplicantByIdTest" />
    </UnitTest>
    <UnitTest name="GetUserProfileByIdTest" storage="d:\[-pro-]\ias.dataservices.test\bin\debug\ias.dataservices.test.dll" id="56b6189c-a9e7-6473-967d-eedb9cb70abd">
      <Execution id="dbfb832f-21bb-4858-8da6-7db404c38ec4" />
      <TestMethod codeBase="D:/[-PRO-]/IAS.DataServices.Test/bin/Debug/IAS.DataServices.Test.DLL" adapterTypeName="Microsoft.VisualStudio.TestTools.TestTypes.Unit.UnitTestAdapter, Microsoft.VisualStudio.QualityTools.Tips.UnitTest.Adapter, Version=10.0.0.0, Culture=neutral, PublicKeyToken=b03f5f7f11d50a3a" className="IAS.DataServices.Test.IPersonServiceTest, IAS.DataServices.Test, Version=1.0.0.0, Culture=neutral, PublicKeyToken=null" name="GetUserProfileByIdTest" />
    </UnitTest>
    <UnitTest name="ChangePasswordTimeTest" storage="d:\[-pro-]\ias.dataservices.test\bin\debug\ias.dataservices.test.dll" id="e55020ee-49da-e874-77ed-6c2a1b29d28e">
      <Execution id="73561c22-29e0-4e78-9b60-803ade94f70e" />
      <TestMethod codeBase="D:/[-PRO-]/IAS.DataServices.Test/bin/Debug/IAS.DataServices.Test.DLL" adapterTypeName="Microsoft.VisualStudio.TestTools.TestTypes.Unit.UnitTestAdapter, Microsoft.VisualStudio.QualityTools.Tips.UnitTest.Adapter, Version=10.0.0.0, Culture=neutral, PublicKeyToken=b03f5f7f11d50a3a" className="IAS.DataServices.Test.IPersonServiceTest, IAS.DataServices.Test, Version=1.0.0.0, Culture=neutral, PublicKeyToken=null" name="ChangePasswordTimeTest" />
    </UnitTest>
    <UnitTest name="GetByFirstLastNameTest" storage="d:\[-pro-]\ias.dataservices.test\bin\debug\ias.dataservices.test.dll" id="a2507719-9230-a97b-7f22-67dd86ccf715">
      <Execution id="7da94887-198f-438c-88a1-dc585d4cfe60" />
      <TestMethod codeBase="D:/[-PRO-]/IAS.DataServices.Test/bin/Debug/IAS.DataServices.Test.DLL" adapterTypeName="Microsoft.VisualStudio.TestTools.TestTypes.Unit.UnitTestAdapter, Microsoft.VisualStudio.QualityTools.Tips.UnitTest.Adapter, Version=10.0.0.0, Culture=neutral, PublicKeyToken=b03f5f7f11d50a3a" className="IAS.DataServices.Test.IRegistrationServiceTest, IAS.DataServices.Test, Version=1.0.0.0, Culture=neutral, PublicKeyToken=null" name="GetByFirstLastNameTest" />
    </UnitTest>
    <UnitTest name="GetApplicantByCriteriaTest" storage="d:\[-pro-]\ias.dataservices.test\bin\debug\ias.dataservices.test.dll" id="a7c77879-5b16-f595-0226-710690c886a1">
      <Execution id="1ce7762a-6938-4609-a051-903d0c278ee4" />
      <TestMethod codeBase="D:/[-PRO-]/IAS.DataServices.Test/bin/Debug/IAS.DataServices.Test.DLL" adapterTypeName="Microsoft.VisualStudio.TestTools.TestTypes.Unit.UnitTestAdapter, Microsoft.VisualStudio.QualityTools.Tips.UnitTest.Adapter, Version=10.0.0.0, Culture=neutral, PublicKeyToken=b03f5f7f11d50a3a" className="IAS.DataServices.Test.ApplicantServiceTest, IAS.DataServices.Test, Version=1.0.0.0, Culture=neutral, PublicKeyToken=null" name="GetApplicantByCriteriaTest" />
    </UnitTest>
    <UnitTest name="ForgetPasswordRequestTest" storage="d:\[-pro-]\ias.dataservices.test\bin\debug\ias.dataservices.test.dll" id="fd64fbbd-d910-c762-2cc7-a4920d322353">
      <Execution id="630c04f7-8af0-4a64-97f4-210333840629" />
      <TestMethod codeBase="D:/[-PRO-]/IAS.DataServices.Test/bin/Debug/IAS.DataServices.Test.DLL" adapterTypeName="Microsoft.VisualStudio.TestTools.TestTypes.Unit.UnitTestAdapter, Microsoft.VisualStudio.QualityTools.Tips.UnitTest.Adapter, Version=10.0.0.0, Culture=neutral, PublicKeyToken=b03f5f7f11d50a3a" className="IAS.DataServices.Test.IPersonServiceTest, IAS.DataServices.Test, Version=1.0.0.0, Culture=neutral, PublicKeyToken=null" name="ForgetPasswordRequestTest" />
    </UnitTest>
    <UnitTest name="CreateReceiveNumber" storage="d:\[-pro-]\ias.dataservicetest\bin\debug\ias.dataservicetest.dll" id="cd63d5c4-d7f9-ff11-c133-8fb8e0a1f4ee">
      <Execution id="570335f1-2218-4dc6-b8f2-29f22b2cae28" />
      <TestMethod codeBase="D:/[-PRO-]/IAS.DataServiceTest/bin/Debug/IAS.DataServiceTest.DLL" adapterTypeName="Microsoft.VisualStudio.TestTools.TestTypes.Unit.UnitTestAdapter, Microsoft.VisualStudio.QualityTools.Tips.UnitTest.Adapter, Version=10.0.0.0, Culture=neutral, PublicKeyToken=b03f5f7f11d50a3a" className="IAS.DataServiceTest.GenerateReceiptNumberTest, IAS.DataServiceTest, Version=1.0.0.0, Culture=neutral, PublicKeyToken=null" name="CreateReceiveNumber" />
    </UnitTest>
    <UnitTest name="TestOracleRaw16AndGuid" storage="d:\[-pro-]\ias.dataservicetest\bin\debug\ias.dataservicetest.dll" id="f7ab6e20-0f16-fc9f-e204-c90ad88c9f5a">
      <Execution id="ced5f22e-c772-4370-8cad-796663ed02ac" />
      <TestMethod codeBase="D:/[-PRO-]/IAS.DataServiceTest/bin/Debug/IAS.DataServiceTest.DLL" adapterTypeName="Microsoft.VisualStudio.TestTools.TestTypes.Unit.UnitTestAdapter, Microsoft.VisualStudio.QualityTools.Tips.UnitTest.Adapter, Version=10.0.0.0, Culture=neutral, PublicKeyToken=b03f5f7f11d50a3a" className="IAS.DataServiceTest.TestGuidOracleAndDotNet, IAS.DataServiceTest, Version=1.0.0.0, Culture=neutral, PublicKeyToken=null" name="TestOracleRaw16AndGuid" />
    </UnitTest>
    <UnitTest name="GetExamByCriteriaTest" storage="d:\[-pro-]\ias.dataservices.test\bin\debug\ias.dataservices.test.dll" id="c97889a7-4b5d-47e2-de1a-f0e3096cbc00">
      <Execution id="468c1db0-208a-4efa-a93e-1e4562eb70aa" />
      <TestMethod codeBase="D:/[-PRO-]/IAS.DataServices.Test/bin/Debug/IAS.DataServices.Test.DLL" adapterTypeName="Microsoft.VisualStudio.TestTools.TestTypes.Unit.UnitTestAdapter, Microsoft.VisualStudio.QualityTools.Tips.UnitTest.Adapter, Version=10.0.0.0, Culture=neutral, PublicKeyToken=b03f5f7f11d50a3a" className="IAS.DataServices.Test.IExamServiceTest, IAS.DataServices.Test, Version=1.0.0.0, Culture=neutral, PublicKeyToken=null" name="GetExamByCriteriaTest" />
    </UnitTest>
    <UnitTest name="CreateZipTest" storage="d:\[-pro-]\ias.dataservices.test\bin\debug\ias.dataservices.test.dll" id="9b03a9f3-e2fa-8a50-69e2-664a695c83ab">
      <Execution id="e5e2d993-0ecc-46dd-9416-d1666f6684d5" />
      <TestMethod codeBase="D:/[-PRO-]/IAS.DataServices.Test/bin/Debug/IAS.DataServices.Test.DLL" adapterTypeName="Microsoft.VisualStudio.TestTools.TestTypes.Unit.UnitTestAdapter, Microsoft.VisualStudio.QualityTools.Tips.UnitTest.Adapter, Version=10.0.0.0, Culture=neutral, PublicKeyToken=b03f5f7f11d50a3a" className="IAS.DataServices.Test.IPaymentServiceTest, IAS.DataServices.Test, Version=1.0.0.0, Culture=neutral, PublicKeyToken=null" name="CreateZipTest" />
    </UnitTest>
    <UnitTest name="DeleteHolidayTest" storage="d:\[-pro-]\ias.dataservices.test\bin\debug\ias.dataservices.test.dll" id="9615de6b-1918-9780-a15f-1a19ad65978b">
      <Execution id="3888e12b-fd7a-4e06-9a1f-dc8c4d23867f" />
      <TestMethod codeBase="D:/[-PRO-]/IAS.DataServices.Test/bin/Debug/IAS.DataServices.Test.DLL" adapterTypeName="Microsoft.VisualStudio.TestTools.TestTypes.Unit.UnitTestAdapter, Microsoft.VisualStudio.QualityTools.Tips.UnitTest.Adapter, Version=10.0.0.0, Culture=neutral, PublicKeyToken=b03f5f7f11d50a3a" className="IAS.DataServices.Test.IExamServiceTest, IAS.DataServices.Test, Version=1.0.0.0, Culture=neutral, PublicKeyToken=null" name="DeleteHolidayTest" />
    </UnitTest>
    <UnitTest name="OnLoad_GetRequestTest" storage="d:\[-pro-]\ias.dataservicetest\bin\debug\ias.dataservicetest.dll" id="ba42dd46-21b6-920a-0edd-46d4dca822f8">
      <Execution id="be0de378-b6be-4660-992f-ee62a0939ca0" />
      <TestMethod codeBase="D:/[-PRO-]/IAS.DataServiceTest/bin/Debug/IAS.DataServiceTest.DLL" adapterTypeName="Microsoft.VisualStudio.TestTools.TestTypes.Unit.UnitTestAdapter, Microsoft.VisualStudio.QualityTools.Tips.UnitTest.Adapter, Version=10.0.0.0, Culture=neutral, PublicKeyToken=b03f5f7f11d50a3a" className="IAS.DataServiceTest.IAS_PAYMENT_GETReceiptTests, IAS.DataServiceTest, Version=1.0.0.0, Culture=neutral, PublicKeyToken=null" name="OnLoad_GetRequestTest" />
    </UnitTest>
    <UnitTest name="Auto_CancelAppNoPayTest" storage="d:\[-pro-]\ias.dataservices.test\bin\debug\ias.dataservices.test.dll" id="186393ca-1d38-7703-ec60-12946f62e548">
      <Execution id="73852a90-396b-45f3-a560-d6255c6c232f" />
      <TestMethod codeBase="D:/[-PRO-]/IAS.DataServices.Test/bin/Debug/IAS.DataServices.Test.DLL" adapterTypeName="Microsoft.VisualStudio.TestTools.TestTypes.Unit.UnitTestAdapter, Microsoft.VisualStudio.QualityTools.Tips.UnitTest.Adapter, Version=10.0.0.0, Culture=neutral, PublicKeyToken=b03f5f7f11d50a3a" className="IAS.DataServices.Test.PaymentServiceTest, IAS.DataServices.Test, Version=1.0.0.0, Culture=neutral, PublicKeyToken=null" name="Auto_CancelAppNoPayTest" />
    </UnitTest>
    <UnitTest name="GetApplicantGroupUploadByGroupUploadNoTest" storage="d:\[-pro-]\ias.dataservices.test\bin\debug\ias.dataservices.test.dll" id="f5f95521-3d48-55d5-079a-81869f00a403">
      <Execution id="1684698a-8769-4606-b7dc-dc0a910f73c3" />
      <TestMethod codeBase="D:/[-PRO-]/IAS.DataServices.Test/bin/Debug/IAS.DataServices.Test.DLL" adapterTypeName="Microsoft.VisualStudio.TestTools.TestTypes.Unit.UnitTestAdapter, Microsoft.VisualStudio.QualityTools.Tips.UnitTest.Adapter, Version=10.0.0.0, Culture=neutral, PublicKeyToken=b03f5f7f11d50a3a" className="IAS.DataServices.Test.IApplicantServiceTest, IAS.DataServices.Test, Version=1.0.0.0, Culture=neutral, PublicKeyToken=null" name="GetApplicantGroupUploadByGroupUploadNoTest" />
    </UnitTest>
    <UnitTest name="TestSelectGroupPaymentLicenseDaily" storage="d:\[-pro-]\ias.dataservicetest\bin\debug\ias.dataservicetest.dll" id="384be727-3822-8210-3645-82e695872148">
      <Execution id="59ed3b08-8302-44e3-ba03-9a8e849dfb81" />
      <TestMethod codeBase="D:/[-PRO-]/IAS.DataServiceTest/bin/Debug/IAS.DataServiceTest.DLL" adapterTypeName="Microsoft.VisualStudio.TestTools.TestTypes.Unit.UnitTestAdapter, Microsoft.VisualStudio.QualityTools.Tips.UnitTest.Adapter, Version=10.0.0.0, Culture=neutral, PublicKeyToken=b03f5f7f11d50a3a" className="IAS.DataServiceTest.GenerateComposeLicenseRequestTest, IAS.DataServiceTest, Version=1.0.0.0, Culture=neutral, PublicKeyToken=null" name="TestSelectGroupPaymentLicenseDaily" />
    </UnitTest>
    <UnitTest name="Test_Method_GenBankImportFile_From_Datebase" storage="d:\[-pro-]\ias.dataservicetest\bin\debug\ias.dataservicetest.dll" id="3a5bdce7-1094-17ee-d309-48b19d1fcee8">
      <Execution id="a263c86a-efb3-43d0-bd9c-14c536c6f1e6" />
      <TestMethod codeBase="D:/[-PRO-]/IAS.DataServiceTest/bin/Debug/IAS.DataServiceTest.DLL" adapterTypeName="Microsoft.VisualStudio.TestTools.TestTypes.Unit.UnitTestAdapter, Microsoft.VisualStudio.QualityTools.Tips.UnitTest.Adapter, Version=10.0.0.0, Culture=neutral, PublicKeyToken=b03f5f7f11d50a3a" className="IAS.DataServiceTest.BillBizTests, IAS.DataServiceTest, Version=1.0.0.0, Culture=neutral, PublicKeyToken=null" name="Test_Method_GenBankImportFile_From_Datebase" />
    </UnitTest>
    <UnitTest name="The_BankReferanceNumber_Test_True_Formating" storage="d:\[-pro-]\ias.dataservicetest\bin\debug\ias.dataservicetest.dll" id="501f0d6e-3b3b-54d6-f840-7572caa94b95">
      <Execution id="d5f4e676-f676-46c2-af0d-320d56c11441" />
      <TestMethod codeBase="D:/[-PRO-]/IAS.DataServiceTest/bin/Debug/IAS.DataServiceTest.DLL" adapterTypeName="Microsoft.VisualStudio.TestTools.TestTypes.Unit.UnitTestAdapter, Microsoft.VisualStudio.QualityTools.Tips.UnitTest.Adapter, Version=10.0.0.0, Culture=neutral, PublicKeyToken=b03f5f7f11d50a3a" className="IAS.DataServiceTest.BankReferanceNumberTest, IAS.DataServiceTest, Version=1.0.0.0, Culture=neutral, PublicKeyToken=null" name="The_BankReferanceNumber_Test_True_Formating" />
    </UnitTest>
    <UnitTest name="GetRenewLicneseByIdCard" storage="d:\[-pro-]\ias.dataservices.test\bin\debug\ias.dataservices.test.dll" id="70e7121a-5ffa-c52c-05fa-12360a058ed4">
      <Execution id="3ffe1a27-e875-48ae-bb74-cc896419c345" />
      <TestMethod codeBase="D:/[-PRO-]/IAS.DataServices.Test/bin/Debug/IAS.DataServices.Test.DLL" adapterTypeName="Microsoft.VisualStudio.TestTools.TestTypes.Unit.UnitTestAdapter, Microsoft.VisualStudio.QualityTools.Tips.UnitTest.Adapter, Version=10.0.0.0, Culture=neutral, PublicKeyToken=b03f5f7f11d50a3a" className="IAS.DataServices.Test.LicenseServiceTest, IAS.DataServices.Test, Version=1.0.0.0, Culture=neutral, PublicKeyToken=null" name="GetRenewLicneseByIdCard" />
    </UnitTest>
    <UnitTest name="MoveExtachFileTest" storage="d:\[-pro-]\ias.dataservices.test\bin\debug\ias.dataservices.test.dll" id="b7c4df33-a9a4-5548-e5e2-aa36c4a352d1">
      <Execution id="db7d4f5d-9919-4d12-9131-90b3f7da767d" />
      <TestMethod codeBase="D:/[-PRO-]/IAS.DataServices.Test/bin/Debug/IAS.DataServices.Test.DLL" adapterTypeName="Microsoft.VisualStudio.TestTools.TestTypes.Unit.UnitTestAdapter, Microsoft.VisualStudio.QualityTools.Tips.UnitTest.Adapter, Version=10.0.0.0, Culture=neutral, PublicKeyToken=b03f5f7f11d50a3a" className="IAS.DataServices.Test.LicenseServiceTest, IAS.DataServices.Test, Version=1.0.0.0, Culture=neutral, PublicKeyToken=null" name="MoveExtachFileTest" />
    </UnitTest>
    <UnitTest name="GetByIdTest" storage="d:\[-pro-]\ias.dataservices.test\bin\debug\ias.dataservices.test.dll" id="5f173446-56b6-2e92-c930-7c0cd96e5d43">
      <Execution id="f83f7a7a-cc14-4943-ac03-319fc6ee88fe" />
      <TestMethod codeBase="D:/[-PRO-]/IAS.DataServices.Test/bin/Debug/IAS.DataServices.Test.DLL" adapterTypeName="Microsoft.VisualStudio.TestTools.TestTypes.Unit.UnitTestAdapter, Microsoft.VisualStudio.QualityTools.Tips.UnitTest.Adapter, Version=10.0.0.0, Culture=neutral, PublicKeyToken=b03f5f7f11d50a3a" className="IAS.DataServices.Test.IPersonServiceTest, IAS.DataServices.Test, Version=1.0.0.0, Culture=neutral, PublicKeyToken=null" name="GetByIdTest" />
    </UnitTest>
[...]
      <Output>
        <ErrorInfo>
          <Message>Test method IAS.DataServiceTest.IAS_DataService_PaymentServiceTest.CreateReceiptMapper_CanMap_DataRowTest threw exception: 
Oracle.DataAccess.Client.OracleException: ORA-00904: "IPT"."SIGNATURE_IMG": invalid identifier</Message>
          <StackTrace>    at Oracle.DataAccess.Client.OracleException.HandleErrorHelper(Int32 errCode, OracleConnection conn, IntPtr opsErrCtx, OpoSqlValCtx* pOpoSqlValCtx, Object src, String procedure, Boolean bCheck)
   at Oracle.DataAccess.Client.OracleException.HandleError(Int32 errCode, OracleConnection conn, String procedure, IntPtr opsErrCtx, OpoSqlValCtx* pOpoSqlValCtx, Object src, Boolean bCheck)
   at Oracle.DataAccess.Client.OracleCommand.ExecuteReader(Boolean requery, Boolean fillRequest, CommandBehavior behavior)
   at Oracle.DataAccess.Client.OracleDataAdapter.Fill(DataSet dataSet, Int32 startRecord, Int32 maxRecords, String srcTable, IDbCommand command, CommandBehavior behavior)
   at System.Data.Common.DbDataAdapter.Fill(DataSet dataSet)
   at IAS.DAL.OracleDB.GetDataSet(String sql) in D:\[-PRO-]\WebService\IAS.DAL\OracleDB.cs:line 53
   at IAS.DataServiceTest.IAS_DataService_PaymentServiceTest.CreateReceiptMapper_CanMap_DataRowTest() in D:\[-PRO-]\IAS.DataServiceTest\IAS_DataService_PaymentServiceTest.cs:line 75
</StackTrace>
        </ErrorInfo>
      </Output>
    </UnitTestResult>
    <UnitTestResult executionId="c2ee56d7-5544-49f0-b4c1-7c196ff2aa24" testId="ea7b7da7-c550-9d6f-0ca6-fe28fe53a0df" testName="GetHolidayTest" computerName="N-ARG-DEV-034" duration="00:00:00.0020739" startTime="2014-09-22T14:16:19.3617944+07:00" endTime="2014-09-22T14:16:19.3657979+07:00" testType="13cdc9d9-ddb5-4fa4-a97d-d965ccfc6d4b" outcome="Failed" testListId="8c84fa94-04c1-424b-9868-57a2d4851a1d" relativeResultsDirectory="c2ee56d7-5544-49f0-b4c1-7c196ff2aa24">
      <Output>
        <ErrorInfo>
          <Message>Test method IAS.DataServices.Test.IExamServiceTest.GetHolidayTest threw exception: 
System.NotImplementedException: The method or operation is not implemented.</Message>
          <StackTrace>    at IAS.DataServices.Exam.ExamService.GetHoliday(String date) in D:\[-PRO-]\WebService\IAS.DataServices\Exam\ExamService.svc.cs:line 2354
   at IAS.DataServices.Test.IExamServiceTest.GetHolidayTest() in D:\[-PRO-]\IAS.DataServices.Test\ExamTest\IExamServiceTest.cs:line 522
</StackTrace>
        </ErrorInfo>
      </Output>
    </UnitTestResult>
    <UnitTestResult executionId="9536ce88-bae0-4ad3-a8b1-ddd63db57dc7" testId="ec0789fd-65f3-56bc-0ccc-7a912c9ad212" testName="GetApplicantFromTestingNoForManageApplicantTest" computerName="N-ARG-DEV-034" duration="00:00:00.0587333" startTime="2014-09-22T14:16:19.3667975+07:00" endTime="2014-09-22T14:16:19.4278384+07:00" testType="13cdc9d9-ddb5-4fa4-a97d-d965ccfc6d4b" outcome="Failed" testListId="8c84fa94-04c1-424b-9868-57a2d4851a1d" relativeResultsDirectory="9536ce88-bae0-4ad3-a8b1-ddd63db57dc7">
      <Output>
        <ErrorInfo>
          <Message>Assert.AreEqual failed. Expected:&lt;(null)&gt;. Actual:&lt;IAS.DTO.ResponseService`1[System.Data.DataSet]&gt;. </Message>
          <StackTrace>   at IAS.DataServices.Test.ApplicantServiceTest.GetApplicantFromTestingNoForManageApplicantTest() in D:\[-PRO-]\IAS.DataServices.Test\ApplicantServiceTest.cs:line 201
</StackTrace>
        </ErrorInfo>
      </Output>
    </UnitTestResult>
    <UnitTestResult executionId="7837fa31-3992-4d5f-bde9-bdfcf3fdbf98" testId="ec19e082-3b1d-c286-9d06-aac237feecdb" testName="ValidatePropTest" computerName="N-ARG-DEV-034" duration="00:00:02.1351239" startTime="2014-09-22T14:16:19.4298398+07:00" endTime="2014-09-22T14:16:21.5677167+07:00" testType="13cdc9d9-ddb5-4fa4-a97d-d965ccfc6d4b" outcome="Failed" testListId="8c84fa94-04c1-424b-9868-57a2d4851a1d" relativeResultsDirectory="7837fa31-3992-4d5f-bde9-bdfcf3fdbf98">
      <Output>
        <ErrorInfo>
          <Message>Test method IAS.DataServices.Test.LicenseServiceTest.ValidatePropTest threw exception: 
System.NullReferenceException: Object reference not set to an instance of an object.</Message>
          <StackTrace>    at IAS.DataServices.License.LicenseService.ValidateProp(String groupId) in D:\[-PRO-]\WebService\IAS.DataServices\License\LicenseService.svc.cs:line 9894
   at IAS.DataServices.Test.LicenseServiceTest.ValidatePropTest() in D:\[-PRO-]\IAS.DataServices.Test\LicenseServiceTest.cs:line 127
</StackTrace>
        </ErrorInfo>
      </Output>
    </UnitTestResult>
    <UnitTestResult executionId="4e123362-43ac-4baf-9492-71278e0bb404" testId="ed60cfa6-18d0-87ef-74c8-7553a5bd352b" testName="Duplicate_Data_Test_Get_Clear_Duplicate" computerName="N-ARG-DEV-034" duration="00:00:00.0392852" startTime="2014-09-22T14:16:21.5687176+07:00" endTime="2014-09-22T14:16:21.6097455+07:00" testType="13cdc9d9-ddb5-4fa4-a97d-d965ccfc6d4b" outcome="Failed" testListId="8c84fa94-04c1-424b-9868-57a2d4851a1d" relativeResultsDirectory="4e123362-43ac-4baf-9492-71278e0bb404">
      <Output>
        <ErrorInfo>
          <Message>Assert.AreEqual failed. Expected:&lt;0&gt;. Actual:&lt;10&gt;. </Message>
          <StackTrace>   at IAS.DataServiceTest.MethodDuplicateTest.Duplicate_Data_Test_Get_Clear_Duplicate() in D:\[-PRO-]\IAS.DataServiceTest\MethodDuplicateTest.cs:line 21
</StackTrace>
        </ErrorInfo>
      </Output>
    </UnitTestResult>
    <UnitTestResult executionId="bf52e8f0-2065-4ab9-a5f1-fd957db6aefc" testId="ef0916fb-ed65-557c-0c5c-2a45b9aac89a" testName="ExamResultUploadToSubmitTest" computerName="N-ARG-DEV-034" duration="00:00:00.0001605" startTime="2014-09-22T14:16:21.6117469+07:00" endTime="2014-09-22T14:16:21.6147487+07:00" testType="13cdc9d9-ddb5-4fa4-a97d-d965ccfc6d4b" outcome="Passed" testListId="8c84fa94-04c1-424b-9868-57a2d4851a1d" relativeResultsDirectory="bf52e8f0-2065-4ab9-a5f1-fd957db6aefc">
    </UnitTestResult>
    <UnitTestResult executionId="27f9ef77-27a8-4bf8-b14d-5cbe865255c1" testId="ef2d25c9-e612-1040-9214-47fe0c88f6f6" testName="GetPaymentLicenseAppoveTest" computerName="N-ARG-DEV-034" duration="00:00:00.0903490" startTime="2014-09-22T14:16:21.6157496+07:00" endTime="2014-09-22T14:16:21.7078101+07:00" testType="13cdc9d9-ddb5-4fa4-a97d-d965ccfc6d4b" outcome="Failed" testListId="8c84fa94-04c1-424b-9868-57a2d4851a1d" relativeResultsDirectory="27f9ef77-27a8-4bf8-b14d-5cbe865255c1">
      <Output>
        <ErrorInfo>
          <Message>Assert.AreEqual failed. Expected:&lt;(null)&gt;. Actual:&lt;IAS.DTO.ResponseService`1[System.Data.DataSet]&gt;. </Message>
          <StackTrace>   at IAS.DataServices.Test.IPaymentServiceTest.GetPaymentLicenseAppoveTest() in D:\[-PRO-]\IAS.DataServices.Test\PaymentTest\IPaymentServiceTest.cs:line 684
</StackTrace>
        </ErrorInfo>
      </Output>
    </UnitTestResult>
    <UnitTestResult executionId="07ec9cf2-4e72-4f3d-92ff-9f83b8981f6a" testId="f06cd417-01ab-a679-8317-3e1f24b6edad" testName="CityBankTextFile_CanLoadFile_AndValidateData" computerName="N-ARG-DEV-034" duration="00:00:00.0031224" startTime="2014-09-22T14:16:21.7088110+07:00" endTime="2014-09-22T14:16:21.7178168+07:00" testType="13cdc9d9-ddb5-4fa4-a97d-d965ccfc6d4b" outcome="Failed" testListId="8c84fa94-04c1-424b-9868-57a2d4851a1d" relativeResultsDirectory="07ec9cf2-4e72-4f3d-92ff-9f83b8981f6a">
      <Output>
        <ErrorInfo>
          <Message>Test method IAS.DataServiceTest.CityBankTextFileTest.CityBankTextFile_CanLoadFile_AndValidateData threw exception: 
System.ApplicationException: ไม่พบเอกสาร</Message>
          <StackTrace>    at IAS.DataServiceTest.CityBankTextFileTest.ReadDataFromFile() in D:\[-PRO-]\IAS.DataServiceTest\CityBankTextFileTest.cs:line 154
   at IAS.DataServiceTest.CityBankTextFileTest.CityBankTextFile_CanLoadFile_AndValidateData() in D:\[-PRO-]\IAS.DataServiceTest\CityBankTextFileTest.cs:line 110
</StackTrace>
        </ErrorInfo>
      </Output>
    </UnitTestResult>
    <UnitTestResult executionId="a9a6f001-2dec-4ecd-914d-2566fb5f16e0" testId="f11291b9-e086-3eb4-08e8-b2cf0edf5a03" testName="TestZipFile_Found" computerName="N-ARG-DEV-034" duration="00:00:00.0309806" startTime="2014-09-22T14:16:21.7218194+07:00" endTime="2014-09-22T14:16:21.7548421+07:00" testType="13cdc9d9-ddb5-4fa4-a97d-d965ccfc6d4b" outcome="Failed" testListId="8c84fa94-04c1-424b-9868-57a2d4851a1d" relativeResultsDirectory="a9a6f001-2dec-4ecd-914d-2566fb5f16e0">
      <Output>
        <ErrorInfo>
          <Message>Assert.AreNotEqual failed. Expected any value except:&lt;&gt;. Actual:&lt;&gt;. </Message>
          <StackTrace>   at IAS.DataServiceTest.GenZipLicenseRequestTest.TestZipFile_Found() in D:\[-PRO-]\IAS.DataServiceTest\GenZipLicenseRequestTest.cs:line 30
</StackTrace>
        </ErrorInfo>
      </Output>
    </UnitTestResult>
    <UnitTestResult executionId="4cdc0b63-3023-4d69-bbda-b66b0a19751c" testId="f3365450-654d-2094-61b7-22f11cf8f848" testName="DeleteSubjectTest" computerName="N-ARG-DEV-034" duration="00:00:00.0078234" startTime="2014-09-22T14:16:21.7558429+07:00" endTime="2014-09-22T14:16:21.7668497+07:00" testType="13cdc9d9-ddb5-4fa4-a97d-d965ccfc6d4b" outcome="Failed" testListId="8c84fa94-04c1-424b-9868-57a2d4851a1d" relativeResultsDirectory="4cdc0b63-3023-4d69-bbda-b66b0a19751c">
      <Output>
        <ErrorInfo>
          <Message>Assert.AreEqual failed. Expected:&lt;(null)&gt;. Actual:&lt;IAS.DTO.ResponseService`1[System.String]&gt;. </Message>
          <StackTrace>   at IAS.DataServices.Test.IExamServiceTest.DeleteSubjectTest() in D:\[-PRO-]\IAS.DataServices.Test\ExamTest\IExamServiceTest.cs:line 221
</StackTrace>
        </ErrorInfo>
      </Output>
    </UnitTestResult>
    <UnitTestResult executionId="537cddcd-39c0-484d-9516-3ab80f0bf850" testId="f445bb38-498f-fddb-3c49-3c704b0322f4" testName="Test_PhaseStringToDecimal_isvalid" computerName="N-ARG-DEV-034" duration="00:00:00.0013814" startTime="2014-09-22T14:16:21.7678510+07:00" endTime="2014-09-22T14:16:21.7718528+07:00" testType="13cdc9d9-ddb5-4fa4-a97d-d965ccfc6d4b" outcome="Passed" testListId="8c84fa94-04c1-424b-9868-57a2d4851a1d" relativeResultsDirectory="537cddcd-39c0-484d-9516-3ab80f0bf850">
    </UnitTestResult>
    <UnitTestResult executionId="79e2c9ff-b1eb-4875-94ef-fb7780820291" testId="f50cf82f-cd65-950b-04d9-4013880b79f8" testName="ConvertStringAmount_Can_Phase_Test" computerName="N-ARG-DEV-034" duration="00:00:00.0087997" startTime="2014-09-22T14:16:21.7728537+07:00" endTime="2014-09-22T14:16:21.7848617+07:00" testType="13cdc9d9-ddb5-4fa4-a97d-d965ccfc6d4b" outcome="Failed" testListId="8c84fa94-04c1-424b-9868-57a2d4851a1d" relativeResultsDirectory="79e2c9ff-b1eb-4875-94ef-fb7780820291">
      <Output>
        <ErrorInfo>
          <Message>Assert.AreEqual failed. Expected:&lt;2200.21 (System.Decimal)&gt;. Actual:&lt;2200.21 (System.Double)&gt;. </Message>
          <StackTrace>   at IAS.DataServiceTest.PhaseAmountHelperTest.ConvertStringAmount_Can_Phase_Test() in D:\[-PRO-]\IAS.DataServiceTest\PhaseAmountHelperTest.cs:line 26
</StackTrace>
        </ErrorInfo>
      </Output>
    </UnitTestResult>
    <UnitTestResult executionId="1684698a-8769-4606-b7dc-dc0a910f73c3" testId="f5f95521-3d48-55d5-079a-81869f00a403" testName="GetApplicantGroupUploadByGroupUploadNoTest" computerName="N-ARG-DEV-034" duration="00:00:00.0064564" startTime="2014-09-22T14:16:21.7858626+07:00" endTime="2014-09-22T14:16:21.7938675+07:00" testType="13cdc9d9-ddb5-4fa4-a97d-d965ccfc6d4b" outcome="Failed" testListId="8c84fa94-04c1-424b-9868-57a2d4851a1d" relativeResultsDirectory="1684698a-8769-4606-b7dc-dc0a910f73c3">
      <Output>
        <ErrorInfo>
          <Message>Test method IAS.DataServices.Test.IApplicantServiceTest.GetApplicantGroupUploadByGroupUploadNoTest threw exception: 
System.NullReferenceException: Object reference not set to an instance of an object.</Message>
          <StackTrace>    at IAS.DataServices.Applicant.ApplicantService.GetApplicantGroupUploadByGroupUploadNo(String groupUploadNo) in D:\[-PRO-]\WebService\IAS.DataServices\Applicant\ApplicantService.svc.cs:line 1937
   at IAS.DataServices.Test.IApplicantServiceTest.GetApplicantGroupUploadByGroupUploadNoTest() in D:\[-PRO-]\IAS.DataServices.Test\ApplicantTest\IApplicantServiceTest.cs:line 187
</StackTrace>
        </ErrorInfo>
      </Output>
    </UnitTestResult>
    <UnitTestResult executionId="ced5f22e-c772-4370-8cad-796663ed02ac" testId="f7ab6e20-0f16-fc9f-e204-c90ad88c9f5a" testName="TestOracleRaw16AndGuid" computerName="N-ARG-DEV-034" duration="00:00:00.0010677" startTime="2014-09-22T14:16:21.7958692+07:00" endTime="2014-09-22T14:16:21.7998715+07:00" testType="13cdc9d9-ddb5-4fa4-a97d-d965ccfc6d4b" outcome="Passed" testListId="8c84fa94-04c1-424b-9868-57a2d4851a1d" relativeResultsDirectory="ced5f22e-c772-4370-8cad-796663ed02ac">
    </UnitTestResult>
    <UnitTestResult executionId="db903b40-fc12-490d-b73c-cfc9a3712778" testId="f8bae1ea-a897-80c2-ce72-d62a853c3616" testName="GetPlaceExamNameByIdTest" computerName="N-ARG-DEV-034" duration="00:00:00.0159261" startTime="2014-09-22T14:16:21.8008728+07:00" endTime="2014-09-22T14:16:21.8188844+07:00" testType="13cdc9d9-ddb5-4fa4-a97d-d965ccfc6d4b" outcome="Failed" testListId="8c84fa94-04c1-424b-9868-57a2d4851a1d" relativeResultsDirectory="db903b40-fc12-490d-b73c-cfc9a3712778">
      <Output>
        <ErrorInfo>
          <Message>Assert.AreEqual failed. Expected:&lt;(null)&gt;. Actual:&lt;IAS.DTO.ResponseService`1[System.String]&gt;. </Message>
          <StackTrace>   at IAS.DataServices.Test.DataCenterServiceTest.GetPlaceExamNameByIdTest() in D:\[-PRO-]\IAS.DataServices.Test\DataCenterServiceTest.cs:line 122
</StackTrace>
        </ErrorInfo>
      </Output>
    </UnitTestResult>
    <UnitTestResult executionId="cf9fd2d6-f85c-4b5d-9fd2-ecf98843f4ea" testId="f9e221b9-0fba-fb63-b7c3-01c1f8629362" testName="HashAlgorithm_Can_create_same_data_before_and_afterTest" computerName="N-ARG-DEV-034" duration="00:00:00.0029151" startTime="2014-09-22T14:16:21.8198852+07:00" endTime="2014-09-22T14:16:21.8258892+07:00" testType="13cdc9d9-ddb5-4fa4-a97d-d965ccfc6d4b" outcome="Failed" testListId="8c84fa94-04c1-424b-9868-57a2d4851a1d" relativeResultsDirectory="cf9fd2d6-f85c-4b5d-9fd2-ecf98843f4ea">
      <Output>
        <ErrorInfo>
          <Message>Test method IAS.DataServices.Test.PaymentTest.HashAlgorithmReceiptTest.HashAlgorithm_Can_create_same_data_before_and_afterTest threw exception: 
System.IO.DirectoryNotFoundException: Could not find a part of the path 'D:\OIC\IAS\IAS.DataServices.Test\PaymentTest\FileTest\NHibernate_3.pdf'.</Message>
          <StackTrace>    at System.IO.__Error.WinIOError(Int32 errorCode, String maybeFullPath)
   at System.IO.File.InternalCopy(String sourceFileName, String destFileName, Boolean overwrite, Boolean checkHost)
   at System.IO.File.Copy(String sourceFileName, String destFileName)
   at IAS.DataServices.Test.PaymentTest.HashAlgorithmReceiptTest.HashAlgorithm_Can_create_same_data_before_and_afterTest() in D:\[-PRO-]\IAS.DataServices.Test\PaymentTest\HashAlgorithmReceiptTest.cs:line 26
</StackTrace>
        </ErrorInfo>
      </Output>
    </UnitTestResult>
    <UnitTestResult executionId="959c709b-d0ae-4084-8e57-44ee31517415" testId="fb385faf-fd50-8b6f-fc63-2ba075af3cbc" testName="DeleteAttatchFileTest" computerName="N-ARG-DEV-034" duration="00:00:00.0054025" startTime="2014-09-22T14:16:21.8268901+07:00" endTime="2014-09-22T14:16:21.8358955+07:00" testType="13cdc9d9-ddb5-4fa4-a97d-d965ccfc6d4b" outcome="Failed" testListId="8c84fa94-04c1-424b-9868-57a2d4851a1d" relativeResultsDirectory="959c709b-d0ae-4084-8e57-44ee31517415">
      <Output>
        <ErrorInfo>
          <Message>Assert.AreEqual failed. Expected:&lt;(null)&gt;. Actual:&lt;IAS.DTO.ResponseService`1[IAS.DTO.RegistrationAttatchFile]&gt;. </Message>
          <StackTrace>   at IAS.DataServices.Test.IRegistrationServiceTest.DeleteAttatchFileTest() in D:\[-PRO-]\IAS.DataServices.Test\RegistrationTest\IRegistrationServiceTest.cs:line 115
</StackTrace>
        </ErrorInfo>
      </Output>
    </UnitTestResult>
    <UnitTestResult executionId="93f9e0c1-acda-4c1f-bf82-6d67f0375df7" testId="fc179cf8-b581-029e-3ba5-ae678b6edef3" testName="LicenseRequest_Can_Seperate_DataRowDetail" computerName="N-ARG-DEV-034" duration="00:00:00.0143402" startTime="2014-09-22T14:16:21.8368964+07:00" endTime="2014-09-22T14:16:21.8659163+07:00" testType="13cdc9d9-ddb5-4fa4-a97d-d965ccfc6d4b" outcome="Passed" testListId="8c84fa94-04c1-424b-9868-57a2d4851a1d" relativeResultsDirectory="93f9e0c1-acda-4c1f-bf82-6d67f0375df7">
    </UnitTestResult>
    <UnitTestResult executionId="b0f3c9c4-88b6-4c7e-a0be-da7164a46713" testId="fc570bf7-dc19-573b-3bfd-2b8231811c11" testName="AddLicenseTypeTest" computerName="N-ARG-DEV-034" duration="00:00:00.0096831" startTime="2014-09-22T14:16:21.8699190+07:00" endTime="2014-09-22T14:16:21.8829279+07:00" testType="13cdc9d9-ddb5-4fa4-a97d-d965ccfc6d4b" outcome="Failed" testListId="8c84fa94-04c1-424b-9868-57a2d4851a1d" relativeResultsDirectory="b0f3c9c4-88b6-4c7e-a0be-da7164a46713">
      <Output>
        <ErrorInfo>
          <Message>Test method IAS.DataServices.Test.IExamServiceTest.AddLicenseTypeTest threw exception: 
System.NullReferenceException: Object reference not set to an instance of an object.</Message>
          <StackTrace>    at IAS.DataServices.Exam.ExamService.AddLicenseType(LicenseTypet licensetype) in D:\[-PRO-]\WebService\IAS.DataServices\Exam\ExamService.svc.cs:line 2804
   at IAS.DataServices.Test.IExamServiceTest.AddLicenseTypeTest() in D:\[-PRO-]\IAS.DataServices.Test\ExamTest\IExamServiceTest.cs:line 110
</StackTrace>
        </ErrorInfo>
      </Output>
    </UnitTestResult>
    <UnitTestResult executionId="630c04f7-8af0-4a64-97f4-210333840629" testId="fd64fbbd-d910-c762-2cc7-a4920d322353" testName="ForgetPasswordRequestTest" computerName="N-ARG-DEV-034" duration="00:00:00.0051258" startTime="2014-09-22T14:16:21.8839279+07:00" endTime="2014-09-22T14:16:21.8909328+07:00" testType="13cdc9d9-ddb5-4fa4-a97d-d965ccfc6d4b" outcome="Failed" testListId="8c84fa94-04c1-424b-9868-57a2d4851a1d" relativeResultsDirectory="630c04f7-8af0-4a64-97f4-210333840629">
      <Output>
        <ErrorInfo>
          <Message>Assert.AreEqual failed. Expected:&lt;(null)&gt;. Actual:&lt;IAS.DTO.ResponseMessage`1[System.Boolean]&gt;. </Message>
          <StackTrace>   at IAS.DataServices.Test.IPersonServiceTest.ForgetPasswordRequestTest() in D:\[-PRO-]\IAS.DataServices.Test\PersonTest\IPersonServiceTest.cs:line 171
</StackTrace>
        </ErrorInfo>
      </Output>
    </UnitTestResult>
    <UnitTestResult executionId="b2789677-bdb7-4a45-b9bb-2c273507ec4a" testId="ff197499-a395-6992-e5be-e2b280b98015" testName="TestMethod1" computerName="N-ARG-DEV-034" duration="00:00:00.0003497" startTime="2014-09-22T14:16:21.8919329+07:00" endTime="2014-09-22T14:16:21.8949359+07:00" testType="13cdc9d9-ddb5-4fa4-a97d-d965ccfc6d4b" outcome="Passed" testListId="8c84fa94-04c1-424b-9868-57a2d4851a1d" relativeResultsDirectory="b2789677-bdb7-4a45-b9bb-2c273507ec4a">
    </UnitTestResult>
    <UnitTestResult executionId="9564e9a4-5aaa-4c06-9020-bab8c72c449f" testId="ff389c79-46a9-98a4-4928-686162ee5930" testName="GetGroupPaymentTest" computerName="N-ARG-DEV-034" duration="00:00:00.0108408" startTime="2014-09-22T14:16:21.8959359+07:00" endTime="2014-09-22T14:16:21.9097100+07:00" testType="13cdc9d9-ddb5-4fa4-a97d-d965ccfc6d4b" outcome="Failed" testListId="8c84fa94-04c1-424b-9868-57a2d4851a1d" relativeResultsDirectory="9564e9a4-5aaa-4c06-9020-bab8c72c449f">
      <Output>
        <ErrorInfo>
          <Message>Assert.AreEqual failed. Expected:&lt;(null)&gt;. Actual:&lt;IAS.DTO.ResponseService`1[System.Data.DataSet]&gt;. </Message>
          <StackTrace>   at IAS.DataServices.Test.IPaymentServiceTest.GetGroupPaymentTest() in D:\[-PRO-]\IAS.DataServices.Test\PaymentTest\IPaymentServiceTest.cs:line 500
</StackTrace>
        </ErrorInfo>
      </Output>
    </UnitTestResult>
  </Results>
</TestRun>